# JRE version: OpenJDK Runtime Environment (21.0.6) (build 21.0.6+-13368085-b895.109)
# Java VM: OpenJDK 64-Bit Server VM (21.0.6+-13368085-b895.109, mixed mode, tiered, compressed oops, compressed class ptrs, g1 gc, windows-amd64)
GC Precious Log:
 CardTable entry size: 512
 Card Set container configuration: InlinePtr #cards 4 size 8 Array Of Cards #cards 16 size 48 Howl #buckets 8 coarsen threshold 3686 Howl Bitmap #cards 512 size 80 coarsen threshold 460 Card regions per heap region 1 cards per card region 4096
 CPUs: 4 total, 4 available
 Memory: 3880M
 Large Page Support: Disabled
 NUMA Support: Disabled
 Compressed Oops: Enabled (Zero based)
 Heap Region Size: 2M
 Heap Min Capacity: 8M
 Heap Initial Capacity: 62M
 Heap Max Capacity: 4G
 Pre-touch: Disabled
 Parallel Workers: 4
 Concurrent Workers: 1
 Concurrent Refinement Workers: 4
 Periodic GC: Disabled
Heap:
 garbage-first heap   total 976896K, used 314032K [0x0000000700000000, 0x0000000800000000)
  region size 2048K, 3 young (6144K), 3 survivors (6144K)
 Metaspace       used 223138K, committed 225408K, reserved 1310720K
  class space    used 28178K, committed 29184K, reserved 1048576K
GC Heap History (20 events):
Event: 4419.390 GC heap after
{Heap after GC invocations=149 (full 0):
 garbage-first heap   total 1079296K, used 300663K [0x0000000700000000, 0x0000000800000000)
  region size 2048K, 5 young (10240K), 5 survivors (10240K)
 Metaspace       used 253059K, committed 254400K, reserved 1310720K
  class space    used 31767K, committed 32448K, reserved 1048576K
}
Event: 4434.032 GC heap before
{Heap before GC invocations=149 (full 0):
 garbage-first heap   total 1079296K, used 341623K [0x0000000700000000, 0x0000000800000000)
  region size 2048K, 26 young (53248K), 5 survivors (10240K)
 Metaspace       used 253233K, committed 254592K, reserved 1310720K
  class space    used 31775K, committed 32448K, reserved 1048576K
}
Event: 4434.466 GC heap after
{Heap after GC invocations=150 (full 0):
 garbage-first heap   total 1079296K, used 300168K [0x0000000700000000, 0x0000000800000000)
  region size 2048K, 4 young (8192K), 4 survivors (8192K)
 Metaspace       used 253233K, committed 254592K, reserved 1310720K
  class space    used 31775K, committed 32448K, reserved 1048576K
}
Event: 4439.581 GC heap before
{Heap before GC invocations=150 (full 0):
 garbage-first heap   total 1079296K, used 345224K [0x0000000700000000, 0x0000000800000000)
  region size 2048K, 26 young (53248K), 4 survivors (8192K)
 Metaspace       used 253272K, committed 254656K, reserved 1310720K
  class space    used 31776K, committed 32448K, reserved 1048576K
}
Event: 4439.956 GC heap after
{Heap after GC invocations=151 (full 0):
 garbage-first heap   total 1079296K, used 294248K [0x0000000700000000, 0x0000000800000000)
  region size 2048K, 3 young (6144K), 3 survivors (6144K)
 Metaspace       used 253272K, committed 254656K, reserved 1310720K
  class space    used 31776K, committed 32448K, reserved 1048576K
}
Event: 4443.002 GC heap before
{Heap before GC invocations=151 (full 0):
 garbage-first heap   total 1079296K, used 339304K [0x0000000700000000, 0x0000000800000000)
  region size 2048K, 26 young (53248K), 3 survivors (6144K)
 Metaspace       used 253307K, committed 254656K, reserved 1310720K
  class space    used 31776K, committed 32448K, reserved 1048576K
}
Event: 4443.312 GC heap after
{Heap after GC invocations=152 (full 0):
 garbage-first heap   total 1079296K, used 289684K [0x0000000700000000, 0x0000000800000000)
  region size 2048K, 2 young (4096K), 2 survivors (4096K)
 Metaspace       used 253307K, committed 254656K, reserved 1310720K
  class space    used 31776K, committed 32448K, reserved 1048576K
}
Event: 5209.182 GC heap before
{Heap before GC invocations=152 (full 0):
 garbage-first heap   total 1079296K, used 336788K [0x0000000700000000, 0x0000000800000000)
  region size 2048K, 26 young (53248K), 2 survivors (4096K)
 Metaspace       used 253372K, committed 254784K, reserved 1310720K
  class space    used 31776K, committed 32448K, reserved 1048576K
}
Event: 5210.373 GC heap after
{Heap after GC invocations=153 (full 0):
 garbage-first heap   total 1079296K, used 283807K [0x0000000700000000, 0x0000000800000000)
  region size 2048K, 2 young (4096K), 2 survivors (4096K)
 Metaspace       used 253372K, committed 254784K, reserved 1310720K
  class space    used 31776K, committed 32448K, reserved 1048576K
}
Event: 6785.056 GC heap before
{Heap before GC invocations=153 (full 0):
 garbage-first heap   total 1079296K, used 437407K [0x0000000700000000, 0x0000000800000000)
  region size 2048K, 78 young (159744K), 2 survivors (4096K)
 Metaspace       used 253577K, committed 255040K, reserved 1310720K
  class space    used 31786K, committed 32512K, reserved 1048576K
}
Event: 6785.594 GC heap after
{Heap after GC invocations=154 (full 0):
 garbage-first heap   total 1079296K, used 296474K [0x0000000700000000, 0x0000000800000000)
  region size 2048K, 8 young (16384K), 8 survivors (16384K)
 Metaspace       used 253577K, committed 255040K, reserved 1310720K
  class space    used 31786K, committed 32512K, reserved 1048576K
}
Event: 6792.950 GC heap before
{Heap before GC invocations=154 (full 0):
 garbage-first heap   total 1079296K, used 333338K [0x0000000700000000, 0x0000000800000000)
  region size 2048K, 26 young (53248K), 8 survivors (16384K)
 Metaspace       used 253615K, committed 255040K, reserved 1310720K
  class space    used 31787K, committed 32512K, reserved 1048576K
}
Event: 6793.275 GC heap after
{Heap after GC invocations=155 (full 0):
 garbage-first heap   total 1079296K, used 300435K [0x0000000700000000, 0x0000000800000000)
  region size 2048K, 2 young (4096K), 2 survivors (4096K)
 Metaspace       used 253615K, committed 255040K, reserved 1310720K
  class space    used 31787K, committed 32512K, reserved 1048576K
}
Event: 6825.232 GC heap before
{Heap before GC invocations=156 (full 0):
 garbage-first heap   total 976896K, used 337299K [0x0000000700000000, 0x0000000800000000)
  region size 2048K, 23 young (47104K), 2 survivors (4096K)
 Metaspace       used 222838K, committed 225408K, reserved 1310720K
  class space    used 28132K, committed 29184K, reserved 1048576K
}
Event: 6825.464 GC heap after
{Heap after GC invocations=157 (full 0):
 garbage-first heap   total 976896K, used 298306K [0x0000000700000000, 0x0000000800000000)
  region size 2048K, 3 young (6144K), 3 survivors (6144K)
 Metaspace       used 222838K, committed 225408K, reserved 1310720K
  class space    used 28132K, committed 29184K, reserved 1048576K
}
Event: 6826.185 GC heap before
{Heap before GC invocations=157 (full 0):
 garbage-first heap   total 976896K, used 339266K [0x0000000700000000, 0x0000000800000000)
  region size 2048K, 23 young (47104K), 3 survivors (6144K)
 Metaspace       used 222838K, committed 225408K, reserved 1310720K
  class space    used 28132K, committed 29184K, reserved 1048576K
}
Event: 6826.361 GC heap after
{Heap after GC invocations=158 (full 0):
 garbage-first heap   total 976896K, used 308867K [0x0000000700000000, 0x0000000800000000)
  region size 2048K, 3 young (6144K), 3 survivors (6144K)
 Metaspace       used 222838K, committed 225408K, reserved 1310720K
  class space    used 28132K, committed 29184K, reserved 1048576K
}
Event: 6837.159 GC heap before
{Heap before GC invocations=158 (full 0):
 garbage-first heap   total 976896K, used 358019K [0x0000000700000000, 0x0000000800000000)
  region size 2048K, 23 young (47104K), 3 survivors (6144K)
 Metaspace       used 223138K, committed 225408K, reserved 1310720K
  class space    used 28178K, committed 29184K, reserved 1048576K
}
Event: 6837.619 GC heap after
{Heap after GC invocations=159 (full 0):
 garbage-first heap   total 976896K, used 310915K [0x0000000700000000, 0x0000000800000000)
  region size 2048K, 3 young (6144K), 3 survivors (6144K)
 Metaspace       used 223138K, committed 225408K, reserved 1310720K
  class space    used 28178K, committed 29184K, reserved 1048576K
}
Event: 6840.715 GC heap before
{Heap before GC invocations=159 (full 0):
 garbage-first heap   total 976896K, used 353923K [0x0000000700000000, 0x0000000800000000)
  region size 2048K, 23 young (47104K), 3 survivors (6144K)
 Metaspace       used 223138K, committed 225408K, reserved 1310720K
  class space    used 28178K, committed 29184K, reserved 1048576K
}

