# JRE version: OpenJDK Runtime Environment (21.0.6) (build 21.0.6+-13368085-b895.109)
# Java VM: OpenJDK 64-Bit Server VM (21.0.6+-13368085-b895.109, mixed mode, tiered, compressed oops, compressed class ptrs, g1 gc, windows-amd64)
GC Precious Log:
 CardTable entry size: 512
 Card Set container configuration: InlinePtr #cards 4 size 8 Array Of Cards #cards 16 size 48 Howl #buckets 8 coarsen threshold 3686 Howl Bitmap #cards 512 size 80 coarsen threshold 460 Card regions per heap region 1 cards per card region 4096
 CPUs: 4 total, 4 available
 Memory: 3880M
 Large Page Support: Disabled
 NUMA Support: Disabled
 Compressed Oops: Enabled (Zero based)
 Heap Region Size: 2M
 Heap Min Capacity: 8M
 Heap Initial Capacity: 62M
 Heap Max Capacity: 4G
 Pre-touch: Disabled
 Parallel Workers: 4
 Concurrent Workers: 1
 Concurrent Refinement Workers: 4
 Periodic GC: Disabled
Heap:
 garbage-first heap   total 921600K, used 293026K [0x0000000700000000, 0x0000000800000000)
  region size 2048K, 18 young (36864K), 2 survivors (4096K)
 Metaspace       used 148892K, committed 151168K, reserved 1179648K
  class space    used 19559K, committed 20672K, reserved 1048576K
GC Heap History (20 events):
Event: 135.527 GC heap before
{Heap before GC invocations=72 (full 0):
 garbage-first heap   total 313344K, used 265274K [0x0000000700000000, 0x0000000800000000)
  region size 2048K, 46 young (94208K), 5 survivors (10240K)
 Metaspace       used 130023K, committed 132416K, reserved 1179648K
  class space    used 17256K, committed 18432K, reserved 1048576K
}
Event: 135.623 GC heap after
{Heap after GC invocations=73 (full 0):
 garbage-first heap   total 313344K, used 198784K [0x0000000700000000, 0x0000000800000000)
  region size 2048K, 6 young (12288K), 6 survivors (12288K)
 Metaspace       used 130023K, committed 132416K, reserved 1179648K
  class space    used 17256K, committed 18432K, reserved 1048576K
}
Event: 137.598 GC heap before
{Heap before GC invocations=73 (full 0):
 garbage-first heap   total 313344K, used 272512K [0x0000000700000000, 0x0000000800000000)
  region size 2048K, 42 young (86016K), 6 survivors (12288K)
 Metaspace       used 130202K, committed 132544K, reserved 1179648K
  class space    used 17286K, committed 18432K, reserved 1048576K
}
Event: 137.665 GC heap after
{Heap after GC invocations=74 (full 0):
 garbage-first heap   total 313344K, used 205256K [0x0000000700000000, 0x0000000800000000)
  region size 2048K, 3 young (6144K), 3 survivors (6144K)
 Metaspace       used 130202K, committed 132544K, reserved 1179648K
  class space    used 17286K, committed 18432K, reserved 1048576K
}
Event: 139.130 GC heap before
{Heap before GC invocations=74 (full 0):
 garbage-first heap   total 313344K, used 276936K [0x0000000700000000, 0x0000000800000000)
  region size 2048K, 39 young (79872K), 3 survivors (6144K)
 Metaspace       used 130206K, committed 132544K, reserved 1179648K
  class space    used 17286K, committed 18432K, reserved 1048576K
}
Event: 139.184 GC heap after
{Heap after GC invocations=75 (full 0):
 garbage-first heap   total 313344K, used 205812K [0x0000000700000000, 0x0000000800000000)
  region size 2048K, 3 young (6144K), 3 survivors (6144K)
 Metaspace       used 130206K, committed 132544K, reserved 1179648K
  class space    used 17286K, committed 18432K, reserved 1048576K
}
Event: 142.172 GC heap before
{Heap before GC invocations=76 (full 0):
 garbage-first heap   total 346112K, used 281588K [0x0000000700000000, 0x0000000800000000)
  region size 2048K, 40 young (81920K), 3 survivors (6144K)
 Metaspace       used 130435K, committed 132736K, reserved 1179648K
  class space    used 17330K, committed 18496K, reserved 1048576K
}
Event: 142.192 GC heap after
{Heap after GC invocations=77 (full 0):
 garbage-first heap   total 346112K, used 207761K [0x0000000700000000, 0x0000000800000000)
  region size 2048K, 4 young (8192K), 4 survivors (8192K)
 Metaspace       used 130435K, committed 132736K, reserved 1179648K
  class space    used 17330K, committed 18496K, reserved 1048576K
}
Event: 143.901 GC heap before
{Heap before GC invocations=77 (full 0):
 garbage-first heap   total 346112K, used 306065K [0x0000000700000000, 0x0000000800000000)
  region size 2048K, 53 young (108544K), 4 survivors (8192K)
 Metaspace       used 130516K, committed 132864K, reserved 1179648K
  class space    used 17337K, committed 18496K, reserved 1048576K
}
Event: 144.065 GC heap after
{Heap after GC invocations=78 (full 0):
 garbage-first heap   total 450560K, used 206120K [0x0000000700000000, 0x0000000800000000)
  region size 2048K, 7 young (14336K), 7 survivors (14336K)
 Metaspace       used 130516K, committed 132864K, reserved 1179648K
  class space    used 17337K, committed 18496K, reserved 1048576K
}
Event: 153.337 GC heap before
{Heap before GC invocations=78 (full 0):
 garbage-first heap   total 450560K, used 410920K [0x0000000700000000, 0x0000000800000000)
  region size 2048K, 102 young (208896K), 7 survivors (14336K)
 Metaspace       used 144107K, committed 146432K, reserved 1179648K
  class space    used 18896K, committed 20032K, reserved 1048576K
}
Event: 153.786 GC heap after
{Heap after GC invocations=79 (full 0):
 garbage-first heap   total 460800K, used 244047K [0x0000000700000000, 0x0000000800000000)
  region size 2048K, 13 young (26624K), 13 survivors (26624K)
 Metaspace       used 144107K, committed 146432K, reserved 1179648K
  class space    used 18896K, committed 20032K, reserved 1048576K
}
Event: 154.457 GC heap before
{Heap before GC invocations=79 (full 0):
 garbage-first heap   total 460800K, used 250191K [0x0000000700000000, 0x0000000800000000)
  region size 2048K, 16 young (32768K), 13 survivors (26624K)
 Metaspace       used 144559K, committed 146880K, reserved 1179648K
  class space    used 18953K, committed 20096K, reserved 1048576K
}
Event: 154.641 GC heap after
{Heap after GC invocations=80 (full 0):
 garbage-first heap   total 460800K, used 249573K [0x0000000700000000, 0x0000000800000000)
  region size 2048K, 2 young (4096K), 2 survivors (4096K)
 Metaspace       used 144559K, committed 146880K, reserved 1179648K
  class space    used 18953K, committed 20096K, reserved 1048576K
}
Event: 160.489 GC heap before
{Heap before GC invocations=80 (full 0):
 garbage-first heap   total 460800K, used 378597K [0x0000000700000000, 0x0000000800000000)
  region size 2048K, 65 young (133120K), 2 survivors (4096K)
 Metaspace       used 148619K, committed 150912K, reserved 1179648K
  class space    used 19530K, committed 20672K, reserved 1048576K
}
Event: 160.534 GC heap after
{Heap after GC invocations=81 (full 0):
 garbage-first heap   total 460800K, used 255275K [0x0000000700000000, 0x0000000800000000)
  region size 2048K, 5 young (10240K), 5 survivors (10240K)
 Metaspace       used 148619K, committed 150912K, reserved 1179648K
  class space    used 19530K, committed 20672K, reserved 1048576K
}
Event: 167.886 GC heap before
{Heap before GC invocations=81 (full 0):
 garbage-first heap   total 460800K, used 382251K [0x0000000700000000, 0x0000000800000000)
  region size 2048K, 68 young (139264K), 5 survivors (10240K)
 Metaspace       used 148884K, committed 151168K, reserved 1179648K
  class space    used 19558K, committed 20672K, reserved 1048576K
}
Event: 168.134 GC heap after
{Heap after GC invocations=82 (full 0):
 garbage-first heap   total 460800K, used 263070K [0x0000000700000000, 0x0000000800000000)
  region size 2048K, 9 young (18432K), 9 survivors (18432K)
 Metaspace       used 148884K, committed 151168K, reserved 1179648K
  class space    used 19558K, committed 20672K, reserved 1048576K
}
Event: 168.340 GC heap before
{Heap before GC invocations=82 (full 0):
 garbage-first heap   total 460800K, used 267166K [0x0000000700000000, 0x0000000800000000)
  region size 2048K, 11 young (22528K), 9 survivors (18432K)
 Metaspace       used 148884K, committed 151168K, reserved 1179648K
  class space    used 19558K, committed 20672K, reserved 1048576K
}
Event: 168.449 GC heap after
{Heap after GC invocations=83 (full 0):
 garbage-first heap   total 921600K, used 264354K [0x0000000700000000, 0x0000000800000000)
  region size 2048K, 2 young (4096K), 2 survivors (4096K)
 Metaspace       used 148884K, committed 151168K, reserved 1179648K
  class space    used 19558K, committed 20672K, reserved 1048576K
}

