# JRE version: OpenJDK Runtime Environment (21.0.6) (build 21.0.6+-13368085-b895.109)
# Java VM: OpenJDK 64-Bit Server VM (21.0.6+-13368085-b895.109, mixed mode, tiered, compressed oops, compressed class ptrs, g1 gc, windows-amd64)
GC Precious Log:
 CardTable entry size: 512
 Card Set container configuration: InlinePtr #cards 4 size 8 Array Of Cards #cards 16 size 48 Howl #buckets 8 coarsen threshold 3686 Howl Bitmap #cards 512 size 80 coarsen threshold 460 Card regions per heap region 1 cards per card region 4096
 CPUs: 4 total, 4 available
 Memory: 3880M
 Large Page Support: Disabled
 NUMA Support: Disabled
 Compressed Oops: Enabled (Zero based)
 Heap Region Size: 2M
 Heap Min Capacity: 8M
 Heap Initial Capacity: 62M
 Heap Max Capacity: 4G
 Pre-touch: Disabled
 Parallel Workers: 4
 Concurrent Workers: 1
 Concurrent Refinement Workers: 4
 Periodic GC: Disabled
Heap:
 garbage-first heap   total 350208K, used 197955K [0x0000000700000000, 0x0000000800000000)
  region size 2048K, 2 young (4096K), 2 survivors (4096K)
 Metaspace       used 151296K, committed 153728K, reserved 1245184K
  class space    used 19703K, committed 20928K, reserved 1048576K
GC Heap History (20 events):
Event: 153.916 GC heap after
{Heap after GC invocations=67 (full 0):
 garbage-first heap   total 239616K, used 138030K [0x0000000700000000, 0x0000000800000000)
  region size 2048K, 2 young (4096K), 2 survivors (4096K)
 Metaspace       used 126459K, committed 128768K, reserved 1179648K
  class space    used 16933K, committed 18112K, reserved 1048576K
}
Event: 164.691 GC heap before
{Heap before GC invocations=68 (full 0):
 garbage-first heap   total 239616K, used 224046K [0x0000000700000000, 0x0000000800000000)
  region size 2048K, 42 young (86016K), 2 survivors (4096K)
 Metaspace       used 130153K, committed 132544K, reserved 1179648K
  class space    used 17324K, committed 18560K, reserved 1048576K
}
Event: 164.795 GC heap after
{Heap after GC invocations=69 (full 0):
 garbage-first heap   total 239616K, used 140812K [0x0000000700000000, 0x0000000800000000)
  region size 2048K, 4 young (8192K), 4 survivors (8192K)
 Metaspace       used 130153K, committed 132544K, reserved 1179648K
  class space    used 17324K, committed 18560K, reserved 1048576K
}
Event: 169.071 GC heap before
{Heap before GC invocations=69 (full 0):
 garbage-first heap   total 239616K, used 222732K [0x0000000700000000, 0x0000000800000000)
  region size 2048K, 40 young (81920K), 4 survivors (8192K)
 Metaspace       used 135611K, committed 137984K, reserved 1179648K
  class space    used 17942K, committed 19136K, reserved 1048576K
}
Event: 169.170 GC heap after
{Heap after GC invocations=70 (full 0):
 garbage-first heap   total 249856K, used 159211K [0x0000000700000000, 0x0000000800000000)
  region size 2048K, 5 young (10240K), 5 survivors (10240K)
 Metaspace       used 135611K, committed 137984K, reserved 1179648K
  class space    used 17942K, committed 19136K, reserved 1048576K
}
Event: 174.180 GC heap before
{Heap before GC invocations=70 (full 0):
 garbage-first heap   total 249856K, used 194027K [0x0000000700000000, 0x0000000800000000)
  region size 2048K, 24 young (49152K), 5 survivors (10240K)
 Metaspace       used 139248K, committed 141632K, reserved 1179648K
  class space    used 18211K, committed 19456K, reserved 1048576K
}
Event: 174.278 GC heap after
{Heap after GC invocations=71 (full 0):
 garbage-first heap   total 249856K, used 165649K [0x0000000700000000, 0x0000000800000000)
  region size 2048K, 3 young (6144K), 3 survivors (6144K)
 Metaspace       used 139248K, committed 141632K, reserved 1179648K
  class space    used 18211K, committed 19456K, reserved 1048576K
}
Event: 186.777 GC heap before
{Heap before GC invocations=72 (full 0):
 garbage-first heap   total 286720K, used 227089K [0x0000000700000000, 0x0000000800000000)
  region size 2048K, 31 young (63488K), 3 survivors (6144K)
 Metaspace       used 148826K, committed 151232K, reserved 1179648K
  class space    used 19400K, committed 20608K, reserved 1048576K
}
Event: 187.346 GC heap after
{Heap after GC invocations=73 (full 0):
 garbage-first heap   total 286720K, used 175597K [0x0000000700000000, 0x0000000800000000)
  region size 2048K, 3 young (6144K), 3 survivors (6144K)
 Metaspace       used 148826K, committed 151232K, reserved 1179648K
  class space    used 19400K, committed 20608K, reserved 1048576K
}
Event: 196.250 GC heap before
{Heap before GC invocations=73 (full 0):
 garbage-first heap   total 286720K, used 245229K [0x0000000700000000, 0x0000000800000000)
  region size 2048K, 37 young (75776K), 3 survivors (6144K)
 Metaspace       used 150579K, committed 152960K, reserved 1245184K
  class space    used 19606K, committed 20864K, reserved 1048576K
}
Event: 196.301 GC heap after
{Heap after GC invocations=74 (full 0):
 garbage-first heap   total 350208K, used 172474K [0x0000000700000000, 0x0000000800000000)
  region size 2048K, 4 young (8192K), 4 survivors (8192K)
 Metaspace       used 150579K, committed 152960K, reserved 1245184K
  class space    used 19606K, committed 20864K, reserved 1048576K
}
Event: 225.360 GC heap before
{Heap before GC invocations=74 (full 0):
 garbage-first heap   total 350208K, used 250298K [0x0000000700000000, 0x0000000800000000)
  region size 2048K, 42 young (86016K), 4 survivors (8192K)
 Metaspace       used 151258K, committed 153664K, reserved 1245184K
  class space    used 19699K, committed 20928K, reserved 1048576K
}
Event: 226.334 GC heap after
{Heap after GC invocations=75 (full 0):
 garbage-first heap   total 350208K, used 183433K [0x0000000700000000, 0x0000000800000000)
  region size 2048K, 6 young (12288K), 6 survivors (12288K)
 Metaspace       used 151258K, committed 153664K, reserved 1245184K
  class space    used 19699K, committed 20928K, reserved 1048576K
}
Event: 227.034 GC heap before
{Heap before GC invocations=75 (full 0):
 garbage-first heap   total 350208K, used 187529K [0x0000000700000000, 0x0000000800000000)
  region size 2048K, 8 young (16384K), 6 survivors (12288K)
 Metaspace       used 151258K, committed 153664K, reserved 1245184K
  class space    used 19699K, committed 20928K, reserved 1048576K
}
Event: 227.489 GC heap after
{Heap after GC invocations=76 (full 0):
 garbage-first heap   total 350208K, used 186884K [0x0000000700000000, 0x0000000800000000)
  region size 2048K, 1 young (2048K), 1 survivors (2048K)
 Metaspace       used 151258K, committed 153664K, reserved 1245184K
  class space    used 19699K, committed 20928K, reserved 1048576K
}
Event: 228.217 GC heap before
{Heap before GC invocations=76 (full 0):
 garbage-first heap   total 350208K, used 201220K [0x0000000700000000, 0x0000000800000000)
  region size 2048K, 8 young (16384K), 1 survivors (2048K)
 Metaspace       used 151259K, committed 153664K, reserved 1245184K
  class space    used 19700K, committed 20928K, reserved 1048576K
}
Event: 228.357 GC heap after
{Heap after GC invocations=77 (full 0):
 garbage-first heap   total 350208K, used 190464K [0x0000000700000000, 0x0000000800000000)
  region size 2048K, 1 young (2048K), 1 survivors (2048K)
 Metaspace       used 151259K, committed 153664K, reserved 1245184K
  class space    used 19700K, committed 20928K, reserved 1048576K
}
Event: 229.803 GC heap before
{Heap before GC invocations=77 (full 0):
 garbage-first heap   total 350208K, used 204800K [0x0000000700000000, 0x0000000800000000)
  region size 2048K, 9 young (18432K), 1 survivors (2048K)
 Metaspace       used 151294K, committed 153728K, reserved 1245184K
  class space    used 19703K, committed 20928K, reserved 1048576K
}
Event: 229.822 GC heap after
{Heap after GC invocations=78 (full 0):
 garbage-first heap   total 350208K, used 194790K [0x0000000700000000, 0x0000000800000000)
  region size 2048K, 2 young (4096K), 2 survivors (4096K)
 Metaspace       used 151294K, committed 153728K, reserved 1245184K
  class space    used 19703K, committed 20928K, reserved 1048576K
}
Event: 230.311 GC heap before
{Heap before GC invocations=78 (full 0):
 garbage-first heap   total 350208K, used 213222K [0x0000000700000000, 0x0000000800000000)
  region size 2048K, 11 young (22528K), 2 survivors (4096K)
 Metaspace       used 151296K, committed 153728K, reserved 1245184K
  class space    used 19703K, committed 20928K, reserved 1048576K
}

