# JRE version: OpenJDK Runtime Environment (21.0.6) (build 21.0.6+-13368085-b895.109)
# Java VM: OpenJDK 64-Bit Server VM (21.0.6+-13368085-b895.109, mixed mode, tiered, compressed oops, compressed class ptrs, g1 gc, windows-amd64)
GC Precious Log:
 CardTable entry size: 512
 Card Set container configuration: InlinePtr #cards 4 size 8 Array Of Cards #cards 16 size 48 Howl #buckets 8 coarsen threshold 3686 Howl Bitmap #cards 512 size 80 coarsen threshold 460 Card regions per heap region 1 cards per card region 4096
 CPUs: 4 total, 4 available
 Memory: 3880M
 Large Page Support: Disabled
 NUMA Support: Disabled
 Compressed Oops: Enabled (Zero based)
 Heap Region Size: 2M
 Heap Min Capacity: 8M
 Heap Initial Capacity: 62M
 Heap Max Capacity: 4G
 Pre-touch: Disabled
 Parallel Workers: 4
 Concurrent Workers: 1
 Concurrent Refinement Workers: 4
 Periodic GC: Disabled
Heap:
 garbage-first heap   total 239616K, used 154098K [0x0000000700000000, 0x0000000800000000)
  region size 2048K, 19 young (38912K), 7 survivors (14336K)
 Metaspace       used 121494K, committed 123776K, reserved 1179648K
  class space    used 16386K, committed 17536K, reserved 1048576K
GC Heap History (20 events):
Event: 44.036 GC heap before
{Heap before GC invocations=51 (full 0):
 garbage-first heap   total 153600K, used 137653K [0x0000000700000000, 0x0000000800000000)
  region size 2048K, 24 young (49152K), 2 survivors (4096K)
 Metaspace       used 100327K, committed 102400K, reserved 1179648K
  class space    used 13620K, committed 14656K, reserved 1048576K
}
Event: 44.045 GC heap after
{Heap after GC invocations=52 (full 0):
 garbage-first heap   total 153600K, used 94604K [0x0000000700000000, 0x0000000800000000)
  region size 2048K, 3 young (6144K), 3 survivors (6144K)
 Metaspace       used 100327K, committed 102400K, reserved 1179648K
  class space    used 13620K, committed 14656K, reserved 1048576K
}
Event: 44.770 GC heap before
{Heap before GC invocations=53 (full 0):
 garbage-first heap   total 161792K, used 135564K [0x0000000700000000, 0x0000000800000000)
  region size 2048K, 23 young (47104K), 3 survivors (6144K)
 Metaspace       used 103068K, committed 105152K, reserved 1179648K
  class space    used 14033K, committed 15104K, reserved 1048576K
}
Event: 44.784 GC heap after
{Heap after GC invocations=54 (full 0):
 garbage-first heap   total 161792K, used 96571K [0x0000000700000000, 0x0000000800000000)
  region size 2048K, 2 young (4096K), 2 survivors (4096K)
 Metaspace       used 103068K, committed 105152K, reserved 1179648K
  class space    used 14033K, committed 15104K, reserved 1048576K
}
Event: 45.912 GC heap before
{Heap before GC invocations=54 (full 0):
 garbage-first heap   total 161792K, used 145723K [0x0000000700000000, 0x0000000800000000)
  region size 2048K, 26 young (53248K), 2 survivors (4096K)
 Metaspace       used 106396K, committed 108544K, reserved 1179648K
  class space    used 14496K, committed 15552K, reserved 1048576K
}
Event: 45.925 GC heap after
{Heap after GC invocations=55 (full 0):
 garbage-first heap   total 194560K, used 98807K [0x0000000700000000, 0x0000000800000000)
  region size 2048K, 4 young (8192K), 4 survivors (8192K)
 Metaspace       used 106396K, committed 108544K, reserved 1179648K
  class space    used 14496K, committed 15552K, reserved 1048576K
}
Event: 47.627 GC heap before
{Heap before GC invocations=55 (full 0):
 garbage-first heap   total 194560K, used 170487K [0x0000000700000000, 0x0000000800000000)
  region size 2048K, 40 young (81920K), 4 survivors (8192K)
 Metaspace       used 112026K, committed 114112K, reserved 1179648K
  class space    used 15261K, committed 16320K, reserved 1048576K
}
Event: 47.648 GC heap after
{Heap after GC invocations=56 (full 0):
 garbage-first heap   total 194560K, used 103851K [0x0000000700000000, 0x0000000800000000)
  region size 2048K, 5 young (10240K), 5 survivors (10240K)
 Metaspace       used 112026K, committed 114112K, reserved 1179648K
  class space    used 15261K, committed 16320K, reserved 1048576K
}
Event: 49.727 GC heap before
{Heap before GC invocations=56 (full 0):
 garbage-first heap   total 194560K, used 169387K [0x0000000700000000, 0x0000000800000000)
  region size 2048K, 38 young (77824K), 5 survivors (10240K)
 Metaspace       used 116641K, committed 118848K, reserved 1179648K
  class space    used 15751K, committed 16832K, reserved 1048576K
}
Event: 49.759 GC heap after
{Heap after GC invocations=57 (full 0):
 garbage-first heap   total 194560K, used 112792K [0x0000000700000000, 0x0000000800000000)
  region size 2048K, 5 young (10240K), 5 survivors (10240K)
 Metaspace       used 116641K, committed 118848K, reserved 1179648K
  class space    used 15751K, committed 16832K, reserved 1048576K
}
Event: 50.581 GC heap before
{Heap before GC invocations=57 (full 0):
 garbage-first heap   total 194560K, used 170136K [0x0000000700000000, 0x0000000800000000)
  region size 2048K, 33 young (67584K), 5 survivors (10240K)
 Metaspace       used 116659K, committed 118848K, reserved 1179648K
  class space    used 15752K, committed 16832K, reserved 1048576K
}
Event: 50.600 GC heap after
{Heap after GC invocations=58 (full 0):
 garbage-first heap   total 194560K, used 117226K [0x0000000700000000, 0x0000000800000000)
  region size 2048K, 3 young (6144K), 3 survivors (6144K)
 Metaspace       used 116659K, committed 118848K, reserved 1179648K
  class space    used 15752K, committed 16832K, reserved 1048576K
}
Event: 51.813 GC heap before
{Heap before GC invocations=59 (full 0):
 garbage-first heap   total 198656K, used 174570K [0x0000000700000000, 0x0000000800000000)
  region size 2048K, 31 young (63488K), 3 survivors (6144K)
 Metaspace       used 116998K, committed 119168K, reserved 1179648K
  class space    used 15824K, committed 16896K, reserved 1048576K
}
Event: 51.823 GC heap after
{Heap after GC invocations=60 (full 0):
 garbage-first heap   total 198656K, used 118218K [0x0000000700000000, 0x0000000800000000)
  region size 2048K, 3 young (6144K), 3 survivors (6144K)
 Metaspace       used 116998K, committed 119168K, reserved 1179648K
  class space    used 15824K, committed 16896K, reserved 1048576K
}
Event: 53.032 GC heap before
{Heap before GC invocations=60 (full 0):
 garbage-first heap   total 198656K, used 177610K [0x0000000700000000, 0x0000000800000000)
  region size 2048K, 33 young (67584K), 3 survivors (6144K)
 Metaspace       used 117257K, committed 119424K, reserved 1179648K
  class space    used 15860K, committed 16960K, reserved 1048576K
}
Event: 53.052 GC heap after
{Heap after GC invocations=61 (full 0):
 garbage-first heap   total 239616K, used 119853K [0x0000000700000000, 0x0000000800000000)
  region size 2048K, 5 young (10240K), 5 survivors (10240K)
 Metaspace       used 117257K, committed 119424K, reserved 1179648K
  class space    used 15860K, committed 16960K, reserved 1048576K
}
Event: 55.303 GC heap before
{Heap before GC invocations=61 (full 0):
 garbage-first heap   total 239616K, used 209965K [0x0000000700000000, 0x0000000800000000)
  region size 2048K, 50 young (102400K), 5 survivors (10240K)
 Metaspace       used 117417K, committed 119552K, reserved 1179648K
  class space    used 15874K, committed 16960K, reserved 1048576K
}
Event: 55.323 GC heap after
{Heap after GC invocations=62 (full 0):
 garbage-first heap   total 239616K, used 124928K [0x0000000700000000, 0x0000000800000000)
  region size 2048K, 6 young (12288K), 6 survivors (12288K)
 Metaspace       used 117417K, committed 119552K, reserved 1179648K
  class space    used 15874K, committed 16960K, reserved 1048576K
}
Event: 59.951 GC heap before
{Heap before GC invocations=62 (full 0):
 garbage-first heap   total 239616K, used 210944K [0x0000000700000000, 0x0000000800000000)
  region size 2048K, 49 young (100352K), 6 survivors (12288K)
 Metaspace       used 120729K, committed 122944K, reserved 1179648K
  class space    used 16279K, committed 17408K, reserved 1048576K
}
Event: 60.003 GC heap after
{Heap after GC invocations=63 (full 0):
 garbage-first heap   total 239616K, used 131570K [0x0000000700000000, 0x0000000800000000)
  region size 2048K, 7 young (14336K), 7 survivors (14336K)
 Metaspace       used 120729K, committed 122944K, reserved 1179648K
  class space    used 16279K, committed 17408K, reserved 1048576K
}

