# JRE version: OpenJDK Runtime Environment (21.0.6) (build 21.0.6+-13368085-b895.109)
# Java VM: OpenJDK 64-Bit Server VM (21.0.6+-13368085-b895.109, mixed mode, tiered, compressed oops, compressed class ptrs, g1 gc, windows-amd64)
GC Precious Log:
 CardTable entry size: 512
 Card Set container configuration: InlinePtr #cards 4 size 8 Array Of Cards #cards 16 size 48 Howl #buckets 8 coarsen threshold 3686 Howl Bitmap #cards 512 size 80 coarsen threshold 460 Card regions per heap region 1 cards per card region 4096
 CPUs: 4 total, 4 available
 Memory: 3880M
 Large Page Support: Disabled
 NUMA Support: Disabled
 Compressed Oops: Enabled (Zero based)
 Heap Region Size: 2M
 Heap Min Capacity: 8M
 Heap Initial Capacity: 62M
 Heap Max Capacity: 4G
 Pre-touch: Disabled
 Parallel Workers: 4
 Concurrent Workers: 1
 Concurrent Refinement Workers: 4
 Periodic GC: Disabled
Heap:
 garbage-first heap   total 247808K, used 166843K [0x0000000700000000, 0x0000000800000000)
  region size 2048K, 25 young (51200K), 3 survivors (6144K)
 Metaspace       used 117556K, committed 119744K, reserved 1179648K
  class space    used 15890K, committed 16960K, reserved 1048576K
GC Heap History (20 events):
Event: 60.215 GC heap before
{Heap before GC invocations=52 (full 0):
 garbage-first heap   total 147456K, used 128872K [0x0000000700000000, 0x0000000800000000)
  region size 2048K, 22 young (45056K), 4 survivors (8192K)
 Metaspace       used 93454K, committed 95424K, reserved 1179648K
  class space    used 12461K, committed 13440K, reserved 1048576K
}
Event: 60.278 GC heap after
{Heap after GC invocations=53 (full 0):
 garbage-first heap   total 147456K, used 93312K [0x0000000700000000, 0x0000000800000000)
  region size 2048K, 2 young (4096K), 2 survivors (4096K)
 Metaspace       used 93454K, committed 95424K, reserved 1179648K
  class space    used 12461K, committed 13440K, reserved 1048576K
}
Event: 62.305 GC heap before
{Heap before GC invocations=53 (full 0):
 garbage-first heap   total 147456K, used 130176K [0x0000000700000000, 0x0000000800000000)
  region size 2048K, 21 young (43008K), 2 survivors (4096K)
 Metaspace       used 96344K, committed 98368K, reserved 1179648K
  class space    used 12865K, committed 13888K, reserved 1048576K
}
Event: 62.328 GC heap after
{Heap after GC invocations=54 (full 0):
 garbage-first heap   total 178176K, used 94605K [0x0000000700000000, 0x0000000800000000)
  region size 2048K, 1 young (2048K), 1 survivors (2048K)
 Metaspace       used 96344K, committed 98368K, reserved 1179648K
  class space    used 12865K, committed 13888K, reserved 1048576K
}
Event: 66.066 GC heap before
{Heap before GC invocations=55 (full 0):
 garbage-first heap   total 178176K, used 153997K [0x0000000700000000, 0x0000000800000000)
  region size 2048K, 30 young (61440K), 1 survivors (2048K)
 Metaspace       used 100963K, committed 103104K, reserved 1179648K
  class space    used 13695K, committed 14784K, reserved 1048576K
}
Event: 66.102 GC heap after
{Heap after GC invocations=56 (full 0):
 garbage-first heap   total 178176K, used 96797K [0x0000000700000000, 0x0000000800000000)
  region size 2048K, 2 young (4096K), 2 survivors (4096K)
 Metaspace       used 100963K, committed 103104K, reserved 1179648K
  class space    used 13695K, committed 14784K, reserved 1048576K
}
Event: 71.931 GC heap before
{Heap before GC invocations=56 (full 0):
 garbage-first heap   total 178176K, used 162333K [0x0000000700000000, 0x0000000800000000)
  region size 2048K, 34 young (69632K), 2 survivors (4096K)
 Metaspace       used 105336K, committed 107520K, reserved 1179648K
  class space    used 14321K, committed 15424K, reserved 1048576K
}
Event: 72.139 GC heap after
{Heap after GC invocations=57 (full 0):
 garbage-first heap   total 178176K, used 98419K [0x0000000700000000, 0x0000000800000000)
  region size 2048K, 4 young (8192K), 4 survivors (8192K)
 Metaspace       used 105336K, committed 107520K, reserved 1179648K
  class space    used 14321K, committed 15424K, reserved 1048576K
}
Event: 81.479 GC heap before
{Heap before GC invocations=57 (full 0):
 garbage-first heap   total 178176K, used 157811K [0x0000000700000000, 0x0000000800000000)
  region size 2048K, 33 young (67584K), 4 survivors (8192K)
 Metaspace       used 110744K, committed 112896K, reserved 1179648K
  class space    used 15068K, committed 16128K, reserved 1048576K
}
Event: 81.619 GC heap after
{Heap after GC invocations=58 (full 0):
 garbage-first heap   total 178176K, used 101177K [0x0000000700000000, 0x0000000800000000)
  region size 2048K, 4 young (8192K), 4 survivors (8192K)
 Metaspace       used 110744K, committed 112896K, reserved 1179648K
  class space    used 15068K, committed 16128K, reserved 1048576K
}
Event: 86.874 GC heap before
{Heap before GC invocations=59 (full 0):
 garbage-first heap   total 178176K, used 156473K [0x0000000700000000, 0x0000000800000000)
  region size 2048K, 31 young (63488K), 4 survivors (8192K)
 Metaspace       used 113649K, committed 115904K, reserved 1179648K
  class space    used 15407K, committed 16512K, reserved 1048576K
}
Event: 87.026 GC heap after
{Heap after GC invocations=60 (full 0):
 garbage-first heap   total 178176K, used 108122K [0x0000000700000000, 0x0000000800000000)
  region size 2048K, 4 young (8192K), 4 survivors (8192K)
 Metaspace       used 113649K, committed 115904K, reserved 1179648K
  class space    used 15407K, committed 16512K, reserved 1048576K
}
Event: 91.907 GC heap before
{Heap before GC invocations=60 (full 0):
 garbage-first heap   total 178176K, used 157274K [0x0000000700000000, 0x0000000800000000)
  region size 2048K, 29 young (59392K), 4 survivors (8192K)
 Metaspace       used 116705K, committed 118912K, reserved 1179648K
  class space    used 15758K, committed 16896K, reserved 1048576K
}
Event: 92.241 GC heap after
{Heap after GC invocations=61 (full 0):
 garbage-first heap   total 178176K, used 115460K [0x0000000700000000, 0x0000000800000000)
  region size 2048K, 4 young (8192K), 4 survivors (8192K)
 Metaspace       used 116705K, committed 118912K, reserved 1179648K
  class space    used 15758K, committed 16896K, reserved 1048576K
}
Event: 93.478 GC heap before
{Heap before GC invocations=61 (full 0):
 garbage-first heap   total 178176K, used 158468K [0x0000000700000000, 0x0000000800000000)
  region size 2048K, 25 young (51200K), 4 survivors (8192K)
 Metaspace       used 116714K, committed 118976K, reserved 1179648K
  class space    used 15759K, committed 16896K, reserved 1048576K
}
Event: 93.546 GC heap after
{Heap after GC invocations=62 (full 0):
 garbage-first heap   total 247808K, used 117594K [0x0000000700000000, 0x0000000800000000)
  region size 2048K, 2 young (4096K), 2 survivors (4096K)
 Metaspace       used 116714K, committed 118976K, reserved 1179648K
  class space    used 15759K, committed 16896K, reserved 1048576K
}
Event: 101.779 GC heap before
{Heap before GC invocations=63 (full 0):
 garbage-first heap   total 247808K, used 219994K [0x0000000700000000, 0x0000000800000000)
  region size 2048K, 53 young (108544K), 2 survivors (4096K)
 Metaspace       used 117240K, committed 119424K, reserved 1179648K
  class space    used 15858K, committed 16960K, reserved 1048576K
}
Event: 101.854 GC heap after
{Heap after GC invocations=64 (full 0):
 garbage-first heap   total 247808K, used 121519K [0x0000000700000000, 0x0000000800000000)
  region size 2048K, 4 young (8192K), 4 survivors (8192K)
 Metaspace       used 117240K, committed 119424K, reserved 1179648K
  class space    used 15858K, committed 16960K, reserved 1048576K
}
Event: 104.280 GC heap before
{Heap before GC invocations=64 (full 0):
 garbage-first heap   total 247808K, used 193199K [0x0000000700000000, 0x0000000800000000)
  region size 2048K, 39 young (79872K), 4 survivors (8192K)
 Metaspace       used 117356K, committed 119552K, reserved 1179648K
  class space    used 15869K, committed 16960K, reserved 1048576K
}
Event: 104.387 GC heap after
{Heap after GC invocations=65 (full 0):
 garbage-first heap   total 247808K, used 123835K [0x0000000700000000, 0x0000000800000000)
  region size 2048K, 3 young (6144K), 3 survivors (6144K)
 Metaspace       used 117356K, committed 119552K, reserved 1179648K
  class space    used 15869K, committed 16960K, reserved 1048576K
}

