# JRE version: OpenJDK Runtime Environment (21.0.6) (build 21.0.6+-13368085-b895.109)
# Java VM: OpenJDK 64-Bit Server VM (21.0.6+-13368085-b895.109, mixed mode, tiered, compressed oops, compressed class ptrs, g1 gc, windows-amd64)
GC Precious Log:
 CardTable entry size: 512
 Card Set container configuration: InlinePtr #cards 5 size 8 Array Of Cards #cards 12 size 40 Howl #buckets 4 coarsen threshold 1843 Howl Bitmap #cards 512 size 80 coarsen threshold 460 Card regions per heap region 1 cards per card region 2048
 CPUs: 4 total, 4 available
 Memory: 3880M
 Large Page Support: Disabled
 NUMA Support: Disabled
 Compressed Oops: Enabled (32-bit)
 Heap Region Size: 1M
 Heap Min Capacity: 8M
 Heap Initial Capacity: 62M
 Heap Max Capacity: 2G
 Pre-touch: Disabled
 Parallel Workers: 4
 Concurrent Workers: 1
 Concurrent Refinement Workers: 4
 Periodic GC: Disabled
Heap:
 garbage-first heap   total 546816K, used 222720K [0x0000000080000000, 0x0000000100000000)
  region size 1024K, 23 young (23552K), 11 survivors (11264K)
 Metaspace       used 171766K, committed 174208K, reserved 1245184K
  class space    used 21928K, committed 23168K, reserved 1048576K
GC Heap History (20 events):
Event: 107.119 GC heap before
{Heap before GC invocations=59 (full 0):
 garbage-first heap   total 245760K, used 145390K [0x0000000080000000, 0x0000000100000000)
  region size 1024K, 16 young (16384K), 4 survivors (4096K)
 Metaspace       used 139029K, committed 141376K, reserved 1179648K
  class space    used 18482K, committed 19712K, reserved 1048576K
}
Event: 107.186 GC heap after
{Heap after GC invocations=60 (full 0):
 garbage-first heap   total 245760K, used 134818K [0x0000000080000000, 0x0000000100000000)
  region size 1024K, 4 young (4096K), 4 survivors (4096K)
 Metaspace       used 139029K, committed 141376K, reserved 1179648K
  class space    used 18482K, committed 19712K, reserved 1048576K
}
Event: 113.248 GC heap before
{Heap before GC invocations=61 (full 0):
 garbage-first heap   total 245760K, used 239266K [0x0000000080000000, 0x0000000100000000)
  region size 1024K, 96 young (98304K), 4 survivors (4096K)
 Metaspace       used 141268K, committed 143616K, reserved 1179648K
  class space    used 18691K, committed 19904K, reserved 1048576K
}
Event: 113.308 GC heap after
{Heap after GC invocations=62 (full 0):
 garbage-first heap   total 266240K, used 162511K [0x0000000080000000, 0x0000000100000000)
  region size 1024K, 12 young (12288K), 12 survivors (12288K)
 Metaspace       used 141268K, committed 143616K, reserved 1179648K
  class space    used 18691K, committed 19904K, reserved 1048576K
}
Event: 113.335 GC heap before
{Heap before GC invocations=62 (full 0):
 garbage-first heap   total 266240K, used 163535K [0x0000000080000000, 0x0000000100000000)
  region size 1024K, 13 young (13312K), 12 survivors (12288K)
 Metaspace       used 141268K, committed 143616K, reserved 1179648K
  class space    used 18691K, committed 19904K, reserved 1048576K
}
Event: 113.361 GC heap after
{Heap after GC invocations=63 (full 0):
 garbage-first heap   total 266240K, used 164218K [0x0000000080000000, 0x0000000100000000)
  region size 1024K, 2 young (2048K), 2 survivors (2048K)
 Metaspace       used 141268K, committed 143616K, reserved 1179648K
  class space    used 18691K, committed 19904K, reserved 1048576K
}
Event: 114.925 GC heap before
{Heap before GC invocations=63 (full 0):
 garbage-first heap   total 266240K, used 241018K [0x0000000080000000, 0x0000000100000000)
  region size 1024K, 74 young (75776K), 2 survivors (2048K)
 Metaspace       used 141840K, committed 144256K, reserved 1179648K
  class space    used 18713K, committed 19904K, reserved 1048576K
}
Event: 114.960 GC heap after
{Heap after GC invocations=64 (full 0):
 garbage-first heap   total 546816K, used 173271K [0x0000000080000000, 0x0000000100000000)
  region size 1024K, 9 young (9216K), 9 survivors (9216K)
 Metaspace       used 141840K, committed 144256K, reserved 1179648K
  class space    used 18713K, committed 19904K, reserved 1048576K
}
Event: 115.243 GC heap before
{Heap before GC invocations=64 (full 0):
 garbage-first heap   total 546816K, used 181463K [0x0000000080000000, 0x0000000100000000)
  region size 1024K, 18 young (18432K), 9 survivors (9216K)
 Metaspace       used 142281K, committed 144704K, reserved 1179648K
  class space    used 18738K, committed 19968K, reserved 1048576K
}
Event: 115.272 GC heap after
{Heap after GC invocations=65 (full 0):
 garbage-first heap   total 546816K, used 175096K [0x0000000080000000, 0x0000000100000000)
  region size 1024K, 2 young (2048K), 2 survivors (2048K)
 Metaspace       used 142281K, committed 144704K, reserved 1179648K
  class space    used 18738K, committed 19968K, reserved 1048576K
}
Event: 125.870 GC heap before
{Heap before GC invocations=66 (full 0):
 garbage-first heap   total 546816K, used 506872K [0x0000000080000000, 0x0000000100000000)
  region size 1024K, 320 young (327680K), 2 survivors (2048K)
 Metaspace       used 164108K, committed 166528K, reserved 1245184K
  class space    used 21183K, committed 22400K, reserved 1048576K
}
Event: 125.901 GC heap after
{Heap after GC invocations=67 (full 0):
 garbage-first heap   total 546816K, used 189783K [0x0000000080000000, 0x0000000100000000)
  region size 1024K, 13 young (13312K), 13 survivors (13312K)
 Metaspace       used 164108K, committed 166528K, reserved 1245184K
  class space    used 21183K, committed 22400K, reserved 1048576K
}
Event: 600.297 GC heap before
{Heap before GC invocations=67 (full 0):
 garbage-first heap   total 546816K, used 469335K [0x0000000080000000, 0x0000000100000000)
  region size 1024K, 286 young (292864K), 13 survivors (13312K)
 Metaspace       used 171237K, committed 173696K, reserved 1245184K
  class space    used 21923K, committed 23168K, reserved 1048576K
}
Event: 601.955 GC heap after
{Heap after GC invocations=68 (full 0):
 garbage-first heap   total 546816K, used 195489K [0x0000000080000000, 0x0000000100000000)
  region size 1024K, 23 young (23552K), 23 survivors (23552K)
 Metaspace       used 171237K, committed 173696K, reserved 1245184K
  class space    used 21923K, committed 23168K, reserved 1048576K
}
Event: 606.838 GC heap before
{Heap before GC invocations=68 (full 0):
 garbage-first heap   total 546816K, used 198561K [0x0000000080000000, 0x0000000100000000)
  region size 1024K, 26 young (26624K), 23 survivors (23552K)
 Metaspace       used 171257K, committed 173696K, reserved 1245184K
  class space    used 21923K, committed 23168K, reserved 1048576K
}
Event: 607.037 GC heap after
{Heap after GC invocations=69 (full 0):
 garbage-first heap   total 546816K, used 197001K [0x0000000080000000, 0x0000000100000000)
  region size 1024K, 2 young (2048K), 2 survivors (2048K)
 Metaspace       used 171257K, committed 173696K, reserved 1245184K
  class space    used 21923K, committed 23168K, reserved 1048576K
}
Event: 611.297 GC heap before
{Heap before GC invocations=69 (full 0):
 garbage-first heap   total 546816K, used 234889K [0x0000000080000000, 0x0000000100000000)
  region size 1024K, 39 young (39936K), 2 survivors (2048K)
 Metaspace       used 171557K, committed 174080K, reserved 1245184K
  class space    used 21925K, committed 23168K, reserved 1048576K
}
Event: 611.414 GC heap after
{Heap after GC invocations=70 (full 0):
 garbage-first heap   total 546816K, used 202240K [0x0000000080000000, 0x0000000100000000)
  region size 1024K, 5 young (5120K), 5 survivors (5120K)
 Metaspace       used 171557K, committed 174080K, reserved 1245184K
  class space    used 21925K, committed 23168K, reserved 1048576K
}
Event: 626.109 GC heap before
{Heap before GC invocations=70 (full 0):
 garbage-first heap   total 546816K, used 274944K [0x0000000080000000, 0x0000000100000000)
  region size 1024K, 78 young (79872K), 5 survivors (5120K)
 Metaspace       used 171755K, committed 174208K, reserved 1245184K
  class space    used 21926K, committed 23168K, reserved 1048576K
}
Event: 626.259 GC heap after
{Heap after GC invocations=71 (full 0):
 garbage-first heap   total 546816K, used 208384K [0x0000000080000000, 0x0000000100000000)
  region size 1024K, 11 young (11264K), 11 survivors (11264K)
 Metaspace       used 171755K, committed 174208K, reserved 1245184K
  class space    used 21926K, committed 23168K, reserved 1048576K
}

