# JRE version: OpenJDK Runtime Environment (21.0.6) (build 21.0.6+-13368085-b895.109)
# Java VM: OpenJDK 64-Bit Server VM (21.0.6+-13368085-b895.109, mixed mode, tiered, compressed oops, compressed class ptrs, g1 gc, windows-amd64)
GC Precious Log:
 CardTable entry size: 512
 Card Set container configuration: InlinePtr #cards 4 size 8 Array Of Cards #cards 16 size 48 Howl #buckets 8 coarsen threshold 3686 Howl Bitmap #cards 512 size 80 coarsen threshold 460 Card regions per heap region 1 cards per card region 4096
 CPUs: 4 total, 4 available
 Memory: 3880M
 Large Page Support: Disabled
 NUMA Support: Disabled
 Compressed Oops: Enabled (Zero based)
 Heap Region Size: 2M
 Heap Min Capacity: 8M
 Heap Initial Capacity: 62M
 Heap Max Capacity: 4G
 Pre-touch: Disabled
 Parallel Workers: 4
 Concurrent Workers: 1
 Concurrent Refinement Workers: 4
 Periodic GC: Disabled
Heap:
 garbage-first heap   total 794624K, used 260394K [0x0000000700000000, 0x0000000800000000)
  region size 2048K, 5 young (10240K), 5 survivors (10240K)
 Metaspace       used 163221K, committed 165568K, reserved 1245184K
  class space    used 21619K, committed 22784K, reserved 1048576K
GC Heap History (20 events):
Event: 136.688 GC heap after
{Heap after GC invocations=77 (full 0):
 garbage-first heap   total 794624K, used 154559K [0x0000000700000000, 0x0000000800000000)
  region size 2048K, 5 young (10240K), 5 survivors (10240K)
 Metaspace       used 120244K, committed 122496K, reserved 1179648K
  class space    used 16233K, committed 17408K, reserved 1048576K
}
Event: 143.038 GC heap before
{Heap before GC invocations=77 (full 0):
 garbage-first heap   total 794624K, used 312255K [0x0000000700000000, 0x0000000800000000)
  region size 2048K, 77 young (157696K), 5 survivors (10240K)
 Metaspace       used 127498K, committed 129728K, reserved 1179648K
  class space    used 17164K, committed 18304K, reserved 1048576K
}
Event: 143.072 GC heap after
{Heap after GC invocations=78 (full 0):
 garbage-first heap   total 794624K, used 164919K [0x0000000700000000, 0x0000000800000000)
  region size 2048K, 8 young (16384K), 8 survivors (16384K)
 Metaspace       used 127498K, committed 129728K, reserved 1179648K
  class space    used 17164K, committed 18304K, reserved 1048576K
}
Event: 149.985 GC heap before
{Heap before GC invocations=78 (full 0):
 garbage-first heap   total 794624K, used 322615K [0x0000000700000000, 0x0000000800000000)
  region size 2048K, 86 young (176128K), 8 survivors (16384K)
 Metaspace       used 127660K, committed 129920K, reserved 1179648K
  class space    used 17195K, committed 18368K, reserved 1048576K
}
Event: 150.084 GC heap after
{Heap after GC invocations=79 (full 0):
 garbage-first heap   total 794624K, used 163266K [0x0000000700000000, 0x0000000800000000)
  region size 2048K, 6 young (12288K), 6 survivors (12288K)
 Metaspace       used 127660K, committed 129920K, reserved 1179648K
  class space    used 17195K, committed 18368K, reserved 1048576K
}
Event: 158.059 GC heap before
{Heap before GC invocations=79 (full 0):
 garbage-first heap   total 794624K, used 423362K [0x0000000700000000, 0x0000000800000000)
  region size 2048K, 128 young (262144K), 6 survivors (12288K)
 Metaspace       used 135794K, committed 138112K, reserved 1179648K
  class space    used 18053K, committed 19200K, reserved 1048576K
}
Event: 158.294 GC heap after
{Heap after GC invocations=80 (full 0):
 garbage-first heap   total 794624K, used 207197K [0x0000000700000000, 0x0000000800000000)
  region size 2048K, 16 young (32768K), 16 survivors (32768K)
 Metaspace       used 135794K, committed 138112K, reserved 1179648K
  class space    used 18053K, committed 19200K, reserved 1048576K
}
Event: 162.318 GC heap before
{Heap before GC invocations=80 (full 0):
 garbage-first heap   total 794624K, used 297309K [0x0000000700000000, 0x0000000800000000)
  region size 2048K, 60 young (122880K), 16 survivors (32768K)
 Metaspace       used 142293K, committed 144512K, reserved 1179648K
  class space    used 18844K, committed 19968K, reserved 1048576K
}
Event: 162.632 GC heap after
{Heap after GC invocations=81 (full 0):
 garbage-first heap   total 794624K, used 218112K [0x0000000700000000, 0x0000000800000000)
  region size 2048K, 5 young (10240K), 5 survivors (10240K)
 Metaspace       used 142293K, committed 144512K, reserved 1179648K
  class space    used 18844K, committed 19968K, reserved 1048576K
}
Event: 166.755 GC heap before
{Heap before GC invocations=81 (full 0):
 garbage-first heap   total 794624K, used 345088K [0x0000000700000000, 0x0000000800000000)
  region size 2048K, 67 young (137216K), 5 survivors (10240K)
 Metaspace       used 147009K, committed 149312K, reserved 1179648K
  class space    used 19429K, committed 20544K, reserved 1048576K
}
Event: 166.779 GC heap after
{Heap after GC invocations=82 (full 0):
 garbage-first heap   total 794624K, used 222422K [0x0000000700000000, 0x0000000800000000)
  region size 2048K, 7 young (14336K), 7 survivors (14336K)
 Metaspace       used 147009K, committed 149312K, reserved 1179648K
  class space    used 19429K, committed 20544K, reserved 1048576K
}
Event: 169.783 GC heap before
{Heap before GC invocations=82 (full 0):
 garbage-first heap   total 794624K, used 378070K [0x0000000700000000, 0x0000000800000000)
  region size 2048K, 84 young (172032K), 7 survivors (14336K)
 Metaspace       used 147399K, committed 149760K, reserved 1179648K
  class space    used 19483K, committed 20672K, reserved 1048576K
}
Event: 169.874 GC heap after
{Heap after GC invocations=83 (full 0):
 garbage-first heap   total 794624K, used 231929K [0x0000000700000000, 0x0000000800000000)
  region size 2048K, 8 young (16384K), 8 survivors (16384K)
 Metaspace       used 147399K, committed 149760K, reserved 1179648K
  class space    used 19483K, committed 20672K, reserved 1048576K
}
Event: 176.913 GC heap before
{Heap before GC invocations=83 (full 0):
 garbage-first heap   total 794624K, used 379385K [0x0000000700000000, 0x0000000800000000)
  region size 2048K, 79 young (161792K), 8 survivors (16384K)
 Metaspace       used 148990K, committed 151296K, reserved 1179648K
  class space    used 19680K, committed 20864K, reserved 1048576K
}
Event: 176.984 GC heap after
{Heap after GC invocations=84 (full 0):
 garbage-first heap   total 794624K, used 245040K [0x0000000700000000, 0x0000000800000000)
  region size 2048K, 9 young (18432K), 9 survivors (18432K)
 Metaspace       used 148990K, committed 151296K, reserved 1179648K
  class space    used 19680K, committed 20864K, reserved 1048576K
}
Event: 181.586 GC heap before
{Heap before GC invocations=84 (full 0):
 garbage-first heap   total 794624K, used 425264K [0x0000000700000000, 0x0000000800000000)
  region size 2048K, 99 young (202752K), 9 survivors (18432K)
 Metaspace       used 162242K, committed 164608K, reserved 1245184K
  class space    used 21567K, committed 22720K, reserved 1048576K
}
Event: 181.995 GC heap after
{Heap after GC invocations=85 (full 0):
 garbage-first heap   total 794624K, used 252928K [0x0000000700000000, 0x0000000800000000)
  region size 2048K, 10 young (20480K), 10 survivors (20480K)
 Metaspace       used 162242K, committed 164608K, reserved 1245184K
  class space    used 21567K, committed 22720K, reserved 1048576K
}
Event: 182.671 GC heap before
{Heap before GC invocations=85 (full 0):
 garbage-first heap   total 794624K, used 271360K [0x0000000700000000, 0x0000000800000000)
  region size 2048K, 19 young (38912K), 10 survivors (20480K)
 Metaspace       used 162591K, committed 164992K, reserved 1245184K
  class space    used 21601K, committed 22784K, reserved 1048576K
}
Event: 182.776 GC heap after
{Heap after GC invocations=86 (full 0):
 garbage-first heap   total 794624K, used 255710K [0x0000000700000000, 0x0000000800000000)
  region size 2048K, 2 young (4096K), 2 survivors (4096K)
 Metaspace       used 162591K, committed 164992K, reserved 1245184K
  class space    used 21601K, committed 22784K, reserved 1048576K
}
Event: 184.852 GC heap before
{Heap before GC invocations=86 (full 0):
 garbage-first heap   total 794624K, used 415454K [0x0000000700000000, 0x0000000800000000)
  region size 2048K, 81 young (165888K), 2 survivors (4096K)
 Metaspace       used 163221K, committed 165568K, reserved 1245184K
  class space    used 21619K, committed 22784K, reserved 1048576K
}

