# JRE version: OpenJDK Runtime Environment (21.0.6) (build 21.0.6+-13368085-b895.109)
# Java VM: OpenJDK 64-Bit Server VM (21.0.6+-13368085-b895.109, mixed mode, tiered, compressed oops, compressed class ptrs, g1 gc, windows-amd64)
GC Precious Log:
 CardTable entry size: 512
 Card Set container configuration: InlinePtr #cards 5 size 8 Array Of Cards #cards 12 size 40 Howl #buckets 4 coarsen threshold 1843 Howl Bitmap #cards 512 size 80 coarsen threshold 460 Card regions per heap region 1 cards per card region 2048
 CPUs: 4 total, 4 available
 Memory: 3880M
 Large Page Support: Disabled
 NUMA Support: Disabled
 Compressed Oops: Enabled (32-bit)
 Heap Region Size: 1M
 Heap Min Capacity: 8M
 Heap Initial Capacity: 62M
 Heap Max Capacity: 972M
 Pre-touch: Disabled
 Parallel Workers: 4
 Concurrent Workers: 1
 Concurrent Refinement Workers: 4
 Periodic GC: Disabled
Heap:
 garbage-first heap   total 230400K, used 190040K [0x00000000c3400000, 0x0000000100000000)
  region size 1024K, 60 young (61440K), 8 survivors (8192K)
 Metaspace       used 67424K, committed 67776K, reserved 1114112K
  class space    used 7265K, committed 7424K, reserved 1048576K
GC Heap History (20 events):
Event: 10.982 GC heap before
{Heap before GC invocations=24 (full 0):
 garbage-first heap   total 105472K, used 90112K [0x00000000c3400000, 0x0000000100000000)
  region size 1024K, 25 young (25600K), 4 survivors (4096K)
 Metaspace       used 51665K, committed 51968K, reserved 1114112K
  class space    used 5755K, committed 5888K, reserved 1048576K
}
Event: 10.995 GC heap after
{Heap after GC invocations=25 (full 0):
 garbage-first heap   total 105472K, used 74240K [0x00000000c3400000, 0x0000000100000000)
  region size 1024K, 4 young (4096K), 4 survivors (4096K)
 Metaspace       used 51665K, committed 51968K, reserved 1114112K
  class space    used 5755K, committed 5888K, reserved 1048576K
}
Event: 11.481 GC heap before
{Heap before GC invocations=26 (full 0):
 garbage-first heap   total 124928K, used 92672K [0x00000000c3400000, 0x0000000100000000)
  region size 1024K, 22 young (22528K), 4 survivors (4096K)
 Metaspace       used 51665K, committed 51968K, reserved 1114112K
  class space    used 5755K, committed 5888K, reserved 1048576K
}
Event: 11.492 GC heap after
{Heap after GC invocations=27 (full 0):
 garbage-first heap   total 124928K, used 79360K [0x00000000c3400000, 0x0000000100000000)
  region size 1024K, 3 young (3072K), 3 survivors (3072K)
 Metaspace       used 51665K, committed 51968K, reserved 1114112K
  class space    used 5755K, committed 5888K, reserved 1048576K
}
Event: 11.974 GC heap before
{Heap before GC invocations=27 (full 0):
 garbage-first heap   total 124928K, used 107008K [0x00000000c3400000, 0x0000000100000000)
  region size 1024K, 30 young (30720K), 3 survivors (3072K)
 Metaspace       used 51665K, committed 51968K, reserved 1114112K
  class space    used 5755K, committed 5888K, reserved 1048576K
}
Event: 11.984 GC heap after
{Heap after GC invocations=28 (full 0):
 garbage-first heap   total 124928K, used 84992K [0x00000000c3400000, 0x0000000100000000)
  region size 1024K, 4 young (4096K), 4 survivors (4096K)
 Metaspace       used 51665K, committed 51968K, reserved 1114112K
  class space    used 5755K, committed 5888K, reserved 1048576K
}
Event: 12.121 GC heap before
{Heap before GC invocations=28 (full 0):
 garbage-first heap   total 124928K, used 109568K [0x00000000c3400000, 0x0000000100000000)
  region size 1024K, 28 young (28672K), 4 survivors (4096K)
 Metaspace       used 51721K, committed 52032K, reserved 1114112K
  class space    used 5758K, committed 5888K, reserved 1048576K
}
Event: 12.135 GC heap after
{Heap after GC invocations=29 (full 0):
 garbage-first heap   total 212992K, used 92672K [0x00000000c3400000, 0x0000000100000000)
  region size 1024K, 4 young (4096K), 4 survivors (4096K)
 Metaspace       used 51721K, committed 52032K, reserved 1114112K
  class space    used 5758K, committed 5888K, reserved 1048576K
}
Event: 15.501 GC heap before
{Heap before GC invocations=30 (full 0):
 garbage-first heap   total 212992K, used 165376K [0x00000000c3400000, 0x0000000100000000)
  region size 1024K, 76 young (77824K), 4 survivors (4096K)
 Metaspace       used 57671K, committed 57984K, reserved 1114112K
  class space    used 6380K, committed 6528K, reserved 1048576K
}
Event: 15.645 GC heap after
{Heap after GC invocations=31 (full 0):
 garbage-first heap   total 212992K, used 107008K [0x00000000c3400000, 0x0000000100000000)
  region size 1024K, 10 young (10240K), 10 survivors (10240K)
 Metaspace       used 57671K, committed 57984K, reserved 1114112K
  class space    used 6380K, committed 6528K, reserved 1048576K
}
Event: 19.862 GC heap before
{Heap before GC invocations=31 (full 0):
 garbage-first heap   total 212992K, used 171520K [0x00000000c3400000, 0x0000000100000000)
  region size 1024K, 73 young (74752K), 10 survivors (10240K)
 Metaspace       used 62476K, committed 62848K, reserved 1114112K
  class space    used 6888K, committed 7040K, reserved 1048576K
}
Event: 19.950 GC heap after
{Heap after GC invocations=32 (full 0):
 garbage-first heap   total 212992K, used 116568K [0x00000000c3400000, 0x0000000100000000)
  region size 1024K, 10 young (10240K), 10 survivors (10240K)
 Metaspace       used 62476K, committed 62848K, reserved 1114112K
  class space    used 6888K, committed 7040K, reserved 1048576K
}
Event: 24.342 GC heap before
{Heap before GC invocations=32 (full 0):
 garbage-first heap   total 212992K, used 178008K [0x00000000c3400000, 0x0000000100000000)
  region size 1024K, 70 young (71680K), 10 survivors (10240K)
 Metaspace       used 63425K, committed 63808K, reserved 1114112K
  class space    used 6936K, committed 7104K, reserved 1048576K
}
Event: 24.428 GC heap after
{Heap after GC invocations=33 (full 0):
 garbage-first heap   total 212992K, used 123778K [0x00000000c3400000, 0x0000000100000000)
  region size 1024K, 7 young (7168K), 7 survivors (7168K)
 Metaspace       used 63425K, committed 63808K, reserved 1114112K
  class space    used 6936K, committed 7104K, reserved 1048576K
}
Event: 27.060 GC heap before
{Heap before GC invocations=34 (full 0):
 garbage-first heap   total 212992K, used 183170K [0x00000000c3400000, 0x0000000100000000)
  region size 1024K, 66 young (67584K), 7 survivors (7168K)
 Metaspace       used 63730K, committed 64064K, reserved 1114112K
  class space    used 6952K, committed 7104K, reserved 1048576K
}
Event: 27.100 GC heap after
{Heap after GC invocations=35 (full 0):
 garbage-first heap   total 212992K, used 131333K [0x00000000c3400000, 0x0000000100000000)
  region size 1024K, 9 young (9216K), 9 survivors (9216K)
 Metaspace       used 63730K, committed 64064K, reserved 1114112K
  class space    used 6952K, committed 7104K, reserved 1048576K
}
Event: 28.918 GC heap before
{Heap before GC invocations=35 (full 0):
 garbage-first heap   total 212992K, used 187653K [0x00000000c3400000, 0x0000000100000000)
  region size 1024K, 64 young (65536K), 9 survivors (9216K)
 Metaspace       used 63995K, committed 64320K, reserved 1114112K
  class space    used 6965K, committed 7104K, reserved 1048576K
}
Event: 28.954 GC heap after
{Heap after GC invocations=36 (full 0):
 garbage-first heap   total 212992K, used 134204K [0x00000000c3400000, 0x0000000100000000)
  region size 1024K, 5 young (5120K), 5 survivors (5120K)
 Metaspace       used 63995K, committed 64320K, reserved 1114112K
  class space    used 6965K, committed 7104K, reserved 1048576K
}
Event: 30.436 GC heap before
{Heap before GC invocations=36 (full 0):
 garbage-first heap   total 212992K, used 190524K [0x00000000c3400000, 0x0000000100000000)
  region size 1024K, 60 young (61440K), 5 survivors (5120K)
 Metaspace       used 64297K, committed 64576K, reserved 1114112K
  class space    used 6983K, committed 7104K, reserved 1048576K
}
Event: 30.452 GC heap after
{Heap after GC invocations=37 (full 0):
 garbage-first heap   total 212992K, used 137816K [0x00000000c3400000, 0x0000000100000000)
  region size 1024K, 8 young (8192K), 8 survivors (8192K)
 Metaspace       used 64297K, committed 64576K, reserved 1114112K
  class space    used 6983K, committed 7104K, reserved 1048576K
}

