# JRE version: OpenJDK Runtime Environment (21.0.6) (build 21.0.6+-13368085-b895.109)
# Java VM: OpenJDK 64-Bit Server VM (21.0.6+-13368085-b895.109, mixed mode, tiered, compressed oops, compressed class ptrs, g1 gc, windows-amd64)
GC Precious Log:
 CardTable entry size: 512
 Card Set container configuration: InlinePtr #cards 4 size 8 Array Of Cards #cards 16 size 48 Howl #buckets 8 coarsen threshold 3686 Howl Bitmap #cards 512 size 80 coarsen threshold 460 Card regions per heap region 1 cards per card region 4096
 CPUs: 4 total, 4 available
 Memory: 3880M
 Large Page Support: Disabled
 NUMA Support: Disabled
 Compressed Oops: Enabled (Zero based)
 Heap Region Size: 2M
 Heap Min Capacity: 8M
 Heap Initial Capacity: 62M
 Heap Max Capacity: 4G
 Pre-touch: Disabled
 Parallel Workers: 4
 Concurrent Workers: 1
 Concurrent Refinement Workers: 4
 Periodic GC: Disabled
Heap:
 garbage-first heap   total 434176K, used 240842K [0x0000000700000000, 0x0000000800000000)
  region size 2048K, 6 young (12288K), 6 survivors (12288K)
 Metaspace       used 157581K, committed 159936K, reserved 1245184K
  class space    used 20341K, committed 21568K, reserved 1048576K
GC Heap History (20 events):
Event: 103.959 GC heap after
{Heap after GC invocations=68 (full 0):
 garbage-first heap   total 313344K, used 180061K [0x0000000700000000, 0x0000000800000000)
  region size 2048K, 8 young (16384K), 8 survivors (16384K)
 Metaspace       used 131722K, committed 134144K, reserved 1179648K
  class space    used 17558K, committed 18816K, reserved 1048576K
}
Event: 106.610 GC heap before
{Heap before GC invocations=68 (full 0):
 garbage-first heap   total 313344K, used 280413K [0x0000000700000000, 0x0000000800000000)
  region size 2048K, 54 young (110592K), 8 survivors (16384K)
 Metaspace       used 132386K, committed 134784K, reserved 1179648K
  class space    used 17598K, committed 18816K, reserved 1048576K
}
Event: 106.666 GC heap after
{Heap after GC invocations=69 (full 0):
 garbage-first heap   total 317440K, used 197390K [0x0000000700000000, 0x0000000800000000)
  region size 2048K, 7 young (14336K), 7 survivors (14336K)
 Metaspace       used 132386K, committed 134784K, reserved 1179648K
  class space    used 17598K, committed 18816K, reserved 1048576K
}
Event: 107.798 GC heap before
{Heap before GC invocations=69 (full 0):
 garbage-first heap   total 317440K, used 279310K [0x0000000700000000, 0x0000000800000000)
  region size 2048K, 47 young (96256K), 7 survivors (14336K)
 Metaspace       used 132889K, committed 135296K, reserved 1179648K
  class space    used 17620K, committed 18880K, reserved 1048576K
}
Event: 107.845 GC heap after
{Heap after GC invocations=70 (full 0):
 garbage-first heap   total 317440K, used 202190K [0x0000000700000000, 0x0000000800000000)
  region size 2048K, 3 young (6144K), 3 survivors (6144K)
 Metaspace       used 132889K, committed 135296K, reserved 1179648K
  class space    used 17620K, committed 18880K, reserved 1048576K
}
Event: 112.112 GC heap before
{Heap before GC invocations=70 (full 0):
 garbage-first heap   total 331776K, used 277966K [0x0000000700000000, 0x0000000800000000)
  region size 2048K, 43 young (88064K), 3 survivors (6144K)
 Metaspace       used 141216K, committed 143552K, reserved 1179648K
  class space    used 18449K, committed 19648K, reserved 1048576K
}
Event: 112.143 GC heap after
{Heap after GC invocations=71 (full 0):
 garbage-first heap   total 434176K, used 203242K [0x0000000700000000, 0x0000000800000000)
  region size 2048K, 6 young (12288K), 6 survivors (12288K)
 Metaspace       used 141216K, committed 143552K, reserved 1179648K
  class space    used 18449K, committed 19648K, reserved 1048576K
}
Event: 117.277 GC heap before
{Heap before GC invocations=72 (full 0):
 garbage-first heap   total 434176K, used 365034K [0x0000000700000000, 0x0000000800000000)
  region size 2048K, 85 young (174080K), 6 survivors (12288K)
 Metaspace       used 151871K, committed 154304K, reserved 1245184K
  class space    used 19645K, committed 20864K, reserved 1048576K
}
Event: 117.330 GC heap after
{Heap after GC invocations=73 (full 0):
 garbage-first heap   total 434176K, used 214631K [0x0000000700000000, 0x0000000800000000)
  region size 2048K, 11 young (22528K), 11 survivors (22528K)
 Metaspace       used 151871K, committed 154304K, reserved 1245184K
  class space    used 19645K, committed 20864K, reserved 1048576K
}
Event: 118.573 GC heap before
{Heap before GC invocations=73 (full 0):
 garbage-first heap   total 434176K, used 386663K [0x0000000700000000, 0x0000000800000000)
  region size 2048K, 95 young (194560K), 11 survivors (22528K)
 Metaspace       used 153051K, committed 155456K, reserved 1245184K
  class space    used 19773K, committed 20992K, reserved 1048576K
}
Event: 118.694 GC heap after
{Heap after GC invocations=74 (full 0):
 garbage-first heap   total 434176K, used 219320K [0x0000000700000000, 0x0000000800000000)
  region size 2048K, 9 young (18432K), 9 survivors (18432K)
 Metaspace       used 153051K, committed 155456K, reserved 1245184K
  class space    used 19773K, committed 20992K, reserved 1048576K
}
Event: 120.067 GC heap before
{Heap before GC invocations=74 (full 0):
 garbage-first heap   total 434176K, used 389304K [0x0000000700000000, 0x0000000800000000)
  region size 2048K, 92 young (188416K), 9 survivors (18432K)
 Metaspace       used 156115K, committed 158464K, reserved 1245184K
  class space    used 20173K, committed 21376K, reserved 1048576K
}
Event: 120.128 GC heap after
{Heap after GC invocations=75 (full 0):
 garbage-first heap   total 434176K, used 215319K [0x0000000700000000, 0x0000000800000000)
  region size 2048K, 3 young (6144K), 3 survivors (6144K)
 Metaspace       used 156115K, committed 158464K, reserved 1245184K
  class space    used 20173K, committed 21376K, reserved 1048576K
}
Event: 122.015 GC heap before
{Heap before GC invocations=75 (full 0):
 garbage-first heap   total 434176K, used 395543K [0x0000000700000000, 0x0000000800000000)
  region size 2048K, 91 young (186368K), 3 survivors (6144K)
 Metaspace       used 157242K, committed 159680K, reserved 1245184K
  class space    used 20318K, committed 21568K, reserved 1048576K
}
Event: 122.051 GC heap after
{Heap after GC invocations=76 (full 0):
 garbage-first heap   total 434176K, used 227999K [0x0000000700000000, 0x0000000800000000)
  region size 2048K, 9 young (18432K), 9 survivors (18432K)
 Metaspace       used 157242K, committed 159680K, reserved 1245184K
  class space    used 20318K, committed 21568K, reserved 1048576K
}
Event: 123.274 GC heap before
{Heap before GC invocations=77 (full 0):
 garbage-first heap   total 434176K, used 389791K [0x0000000700000000, 0x0000000800000000)
  region size 2048K, 88 young (180224K), 9 survivors (18432K)
 Metaspace       used 157338K, committed 159744K, reserved 1245184K
  class space    used 20320K, committed 21568K, reserved 1048576K
}
Event: 123.343 GC heap after
{Heap after GC invocations=78 (full 0):
 garbage-first heap   total 434176K, used 236149K [0x0000000700000000, 0x0000000800000000)
  region size 2048K, 5 young (10240K), 5 survivors (10240K)
 Metaspace       used 157338K, committed 159744K, reserved 1245184K
  class space    used 20320K, committed 21568K, reserved 1048576K
}
Event: 124.394 GC heap before
{Heap before GC invocations=78 (full 0):
 garbage-first heap   total 434176K, used 397941K [0x0000000700000000, 0x0000000800000000)
  region size 2048K, 84 young (172032K), 5 survivors (10240K)
 Metaspace       used 157559K, committed 159936K, reserved 1245184K
  class space    used 20341K, committed 21568K, reserved 1048576K
}
Event: 124.434 GC heap after
{Heap after GC invocations=79 (full 0):
 garbage-first heap   total 434176K, used 239504K [0x0000000700000000, 0x0000000800000000)
  region size 2048K, 8 young (16384K), 8 survivors (16384K)
 Metaspace       used 157559K, committed 159936K, reserved 1245184K
  class space    used 20341K, committed 21568K, reserved 1048576K
}
Event: 125.055 GC heap before
{Heap before GC invocations=79 (full 0):
 garbage-first heap   total 434176K, used 391056K [0x0000000700000000, 0x0000000800000000)
  region size 2048K, 82 young (167936K), 8 survivors (16384K)
 Metaspace       used 157581K, committed 159936K, reserved 1245184K
  class space    used 20341K, committed 21568K, reserved 1048576K
}

