# JRE version: OpenJDK Runtime Environment (21.0.6) (build 21.0.6+-13368085-b895.109)
# Java VM: OpenJDK 64-Bit Server VM (21.0.6+-13368085-b895.109, mixed mode, tiered, compressed oops, compressed class ptrs, g1 gc, windows-amd64)
GC Precious Log:
 CardTable entry size: 512
 Card Set container configuration: InlinePtr #cards 5 size 8 Array Of Cards #cards 12 size 40 Howl #buckets 4 coarsen threshold 1843 Howl Bitmap #cards 512 size 80 coarsen threshold 460 Card regions per heap region 1 cards per card region 2048
 CPUs: 4 total, 4 available
 Memory: 3880M
 Large Page Support: Disabled
 NUMA Support: Disabled
 Compressed Oops: Enabled (32-bit)
 Heap Region Size: 1M
 Heap Min Capacity: 8M
 Heap Initial Capacity: 62M
 Heap Max Capacity: 2G
 Pre-touch: Disabled
 Parallel Workers: 4
 Concurrent Workers: 1
 Concurrent Refinement Workers: 4
 Periodic GC: Disabled
Heap:
 garbage-first heap   total 326656K, used 276278K [0x0000000080000000, 0x0000000100000000)
  region size 1024K, 116 young (118784K), 7 survivors (7168K)
 Metaspace       used 150625K, committed 153152K, reserved 1245184K
  class space    used 19468K, committed 20736K, reserved 1048576K
GC Heap History (20 events):
Event: 67.792 GC heap before
{Heap before GC invocations=57 (full 0):
 garbage-first heap   total 194560K, used 175307K [0x0000000080000000, 0x0000000100000000)
  region size 1024K, 60 young (61440K), 7 survivors (7168K)
 Metaspace       used 120618K, committed 122944K, reserved 1179648K
  class space    used 16297K, committed 17472K, reserved 1048576K
}
Event: 67.807 GC heap after
{Heap after GC invocations=58 (full 0):
 garbage-first heap   total 194560K, used 123904K [0x0000000080000000, 0x0000000100000000)
  region size 1024K, 4 young (4096K), 4 survivors (4096K)
 Metaspace       used 120618K, committed 122944K, reserved 1179648K
  class space    used 16297K, committed 17472K, reserved 1048576K
}
Event: 68.579 GC heap before
{Heap before GC invocations=59 (full 0):
 garbage-first heap   total 206848K, used 178176K [0x0000000080000000, 0x0000000100000000)
  region size 1024K, 58 young (59392K), 4 survivors (4096K)
 Metaspace       used 120668K, committed 122944K, reserved 1179648K
  class space    used 16300K, committed 17472K, reserved 1048576K
}
Event: 68.590 GC heap after
{Heap after GC invocations=60 (full 0):
 garbage-first heap   total 206848K, used 125546K [0x0000000080000000, 0x0000000100000000)
  region size 1024K, 6 young (6144K), 6 survivors (6144K)
 Metaspace       used 120668K, committed 122944K, reserved 1179648K
  class space    used 16300K, committed 17472K, reserved 1048576K
}
Event: 117.126 GC heap before
{Heap before GC invocations=60 (full 0):
 garbage-first heap   total 206848K, used 192106K [0x0000000080000000, 0x0000000100000000)
  region size 1024K, 68 young (69632K), 6 survivors (6144K)
 Metaspace       used 122115K, committed 124480K, reserved 1179648K
  class space    used 16519K, committed 17728K, reserved 1048576K
}
Event: 117.321 GC heap after
{Heap after GC invocations=61 (full 0):
 garbage-first heap   total 210944K, used 135554K [0x0000000080000000, 0x0000000100000000)
  region size 1024K, 9 young (9216K), 9 survivors (9216K)
 Metaspace       used 122115K, committed 124480K, reserved 1179648K
  class space    used 16519K, committed 17728K, reserved 1048576K
}
Event: 121.682 GC heap before
{Heap before GC invocations=61 (full 0):
 garbage-first heap   total 210944K, used 192898K [0x0000000080000000, 0x0000000100000000)
  region size 1024K, 61 young (62464K), 9 survivors (9216K)
 Metaspace       used 125801K, committed 128256K, reserved 1179648K
  class space    used 16912K, committed 18176K, reserved 1048576K
}
Event: 121.909 GC heap after
{Heap after GC invocations=62 (full 0):
 garbage-first heap   total 210944K, used 137728K [0x0000000080000000, 0x0000000100000000)
  region size 1024K, 3 young (3072K), 3 survivors (3072K)
 Metaspace       used 125801K, committed 128256K, reserved 1179648K
  class space    used 16912K, committed 18176K, reserved 1048576K
}
Event: 122.024 GC heap before
{Heap before GC invocations=62 (full 0):
 garbage-first heap   total 210944K, used 137728K [0x0000000080000000, 0x0000000100000000)
  region size 1024K, 4 young (4096K), 3 survivors (3072K)
 Metaspace       used 125802K, committed 128256K, reserved 1179648K
  class space    used 16912K, committed 18176K, reserved 1048576K
}
Event: 122.105 GC heap after
{Heap after GC invocations=63 (full 0):
 garbage-first heap   total 210944K, used 137264K [0x0000000080000000, 0x0000000100000000)
  region size 1024K, 3 young (3072K), 3 survivors (3072K)
 Metaspace       used 125802K, committed 128256K, reserved 1179648K
  class space    used 16912K, committed 18176K, reserved 1048576K
}
Event: 127.316 GC heap before
{Heap before GC invocations=64 (full 0):
 garbage-first heap   total 240640K, used 200752K [0x0000000080000000, 0x0000000100000000)
  region size 1024K, 58 young (59392K), 3 survivors (3072K)
 Metaspace       used 131098K, committed 133504K, reserved 1179648K
  class space    used 17509K, committed 18752K, reserved 1048576K
}
Event: 127.421 GC heap after
{Heap after GC invocations=65 (full 0):
 garbage-first heap   total 240640K, used 149793K [0x0000000080000000, 0x0000000100000000)
  region size 1024K, 8 young (8192K), 8 survivors (8192K)
 Metaspace       used 131098K, committed 133504K, reserved 1179648K
  class space    used 17509K, committed 18752K, reserved 1048576K
}
Event: 130.280 GC heap before
{Heap before GC invocations=65 (full 0):
 garbage-first heap   total 240640K, used 181537K [0x0000000080000000, 0x0000000100000000)
  region size 1024K, 38 young (38912K), 8 survivors (8192K)
 Metaspace       used 131713K, committed 134208K, reserved 1179648K
  class space    used 17565K, committed 18816K, reserved 1048576K
}
Event: 130.335 GC heap after
{Heap after GC invocations=66 (full 0):
 garbage-first heap   total 240640K, used 157179K [0x0000000080000000, 0x0000000100000000)
  region size 1024K, 5 young (5120K), 5 survivors (5120K)
 Metaspace       used 131713K, committed 134208K, reserved 1179648K
  class space    used 17565K, committed 18816K, reserved 1048576K
}
Event: 135.101 GC heap before
{Heap before GC invocations=66 (full 0):
 garbage-first heap   total 240640K, used 225787K [0x0000000080000000, 0x0000000100000000)
  region size 1024K, 64 young (65536K), 5 survivors (5120K)
 Metaspace       used 138460K, committed 140864K, reserved 1179648K
  class space    used 18186K, committed 19392K, reserved 1048576K
}
Event: 135.234 GC heap after
{Heap after GC invocations=67 (full 0):
 garbage-first heap   total 326656K, used 170032K [0x0000000080000000, 0x0000000100000000)
  region size 1024K, 8 young (8192K), 8 survivors (8192K)
 Metaspace       used 138460K, committed 140864K, reserved 1179648K
  class space    used 18186K, committed 19392K, reserved 1048576K
}
Event: 141.283 GC heap before
{Heap before GC invocations=67 (full 0):
 garbage-first heap   total 326656K, used 289840K [0x0000000080000000, 0x0000000100000000)
  region size 1024K, 125 young (128000K), 8 survivors (8192K)
 Metaspace       used 143746K, committed 146176K, reserved 1179648K
  class space    used 18854K, committed 20096K, reserved 1048576K
}
Event: 141.373 GC heap after
{Heap after GC invocations=68 (full 0):
 garbage-first heap   total 326656K, used 173663K [0x0000000080000000, 0x0000000100000000)
  region size 1024K, 11 young (11264K), 11 survivors (11264K)
 Metaspace       used 143746K, committed 146176K, reserved 1179648K
  class space    used 18854K, committed 20096K, reserved 1048576K
}
Event: 297.413 GC heap before
{Heap before GC invocations=69 (full 0):
 garbage-first heap   total 326656K, used 291423K [0x0000000080000000, 0x0000000100000000)
  region size 1024K, 131 young (134144K), 11 survivors (11264K)
 Metaspace       used 149996K, committed 152512K, reserved 1245184K
  class space    used 19465K, committed 20736K, reserved 1048576K
}
Event: 298.312 GC heap after
{Heap after GC invocations=70 (full 0):
 garbage-first heap   total 326656K, used 165686K [0x0000000080000000, 0x0000000100000000)
  region size 1024K, 7 young (7168K), 7 survivors (7168K)
 Metaspace       used 149996K, committed 152512K, reserved 1245184K
  class space    used 19465K, committed 20736K, reserved 1048576K
}

