# JRE version: OpenJDK Runtime Environment (21.0.6) (build 21.0.6+-13368085-b895.109)
# Java VM: OpenJDK 64-Bit Server VM (21.0.6+-13368085-b895.109, mixed mode, tiered, compressed oops, compressed class ptrs, g1 gc, windows-amd64)
GC Precious Log:
 CardTable entry size: 512
 Card Set container configuration: InlinePtr #cards 4 size 8 Array Of Cards #cards 16 size 48 Howl #buckets 8 coarsen threshold 3686 Howl Bitmap #cards 512 size 80 coarsen threshold 460 Card regions per heap region 1 cards per card region 4096
 CPUs: 4 total, 4 available
 Memory: 3880M
 Large Page Support: Disabled
 NUMA Support: Disabled
 Compressed Oops: Enabled (Zero based)
 Heap Region Size: 2M
 Heap Min Capacity: 8M
 Heap Initial Capacity: 62M
 Heap Max Capacity: 4G
 Pre-touch: Disabled
 Parallel Workers: 4
 Concurrent Workers: 1
 Concurrent Refinement Workers: 4
 Periodic GC: Disabled
Heap:
 garbage-first heap   total 792576K, used 294459K [0x0000000700000000, 0x0000000800000000)
  region size 2048K, 1 young (2048K), 1 survivors (2048K)
 Metaspace       used 161900K, committed 164544K, reserved 1245184K
  class space    used 20793K, committed 22144K, reserved 1048576K
GC Heap History (20 events):
Event: 148.927 GC heap after
{Heap after GC invocations=71 (full 0):
 garbage-first heap   total 638976K, used 265439K [0x0000000700000000, 0x0000000800000000)
  region size 2048K, 6 young (12288K), 6 survivors (12288K)
 Metaspace       used 153412K, committed 155776K, reserved 1245184K
  class space    used 19794K, committed 20992K, reserved 1048576K
}
Event: 152.216 GC heap before
{Heap before GC invocations=71 (full 0):
 garbage-first heap   total 638976K, used 343263K [0x0000000700000000, 0x0000000800000000)
  region size 2048K, 44 young (90112K), 6 survivors (12288K)
 Metaspace       used 153674K, committed 156096K, reserved 1245184K
  class space    used 19814K, committed 21056K, reserved 1048576K
}
Event: 152.287 GC heap after
{Heap after GC invocations=72 (full 0):
 garbage-first heap   total 638976K, used 268339K [0x0000000700000000, 0x0000000800000000)
  region size 2048K, 2 young (4096K), 2 survivors (4096K)
 Metaspace       used 153674K, committed 156096K, reserved 1245184K
  class space    used 19814K, committed 21056K, reserved 1048576K
}
Event: 157.700 GC heap before
{Heap before GC invocations=73 (full 0):
 garbage-first heap   total 638976K, used 456755K [0x0000000700000000, 0x0000000800000000)
  region size 2048K, 104 young (212992K), 2 survivors (4096K)
 Metaspace       used 153708K, committed 156096K, reserved 1245184K
  class space    used 19814K, committed 21056K, reserved 1048576K
}
Event: 157.757 GC heap after
{Heap after GC invocations=74 (full 0):
 garbage-first heap   total 638976K, used 252903K [0x0000000700000000, 0x0000000800000000)
  region size 2048K, 4 young (8192K), 4 survivors (8192K)
 Metaspace       used 153708K, committed 156096K, reserved 1245184K
  class space    used 19814K, committed 21056K, reserved 1048576K
}
Event: 213.212 GC heap before
{Heap before GC invocations=74 (full 0):
 garbage-first heap   total 638976K, used 578535K [0x0000000700000000, 0x0000000800000000)
  region size 2048K, 163 young (333824K), 4 survivors (8192K)
 Metaspace       used 157986K, committed 160448K, reserved 1245184K
  class space    used 20360K, committed 21568K, reserved 1048576K
}
Event: 214.408 GC heap after
{Heap after GC invocations=75 (full 0):
 garbage-first heap   total 638976K, used 246706K [0x0000000700000000, 0x0000000800000000)
  region size 2048K, 8 young (16384K), 8 survivors (16384K)
 Metaspace       used 157986K, committed 160448K, reserved 1245184K
  class space    used 20360K, committed 21568K, reserved 1048576K
}
Event: 224.174 GC heap before
{Heap before GC invocations=75 (full 0):
 garbage-first heap   total 638976K, used 355250K [0x0000000700000000, 0x0000000800000000)
  region size 2048K, 62 young (126976K), 8 survivors (16384K)
 Metaspace       used 158642K, committed 161152K, reserved 1245184K
  class space    used 20455K, committed 21696K, reserved 1048576K
}
Event: 224.497 GC heap after
{Heap after GC invocations=76 (full 0):
 garbage-first heap   total 638976K, used 263536K [0x0000000700000000, 0x0000000800000000)
  region size 2048K, 8 young (16384K), 8 survivors (16384K)
 Metaspace       used 158642K, committed 161152K, reserved 1245184K
  class space    used 20455K, committed 21696K, reserved 1048576K
}
Event: 231.509 GC heap before
{Heap before GC invocations=77 (full 0):
 garbage-first heap   total 638976K, used 302448K [0x0000000700000000, 0x0000000800000000)
  region size 2048K, 28 young (57344K), 8 survivors (16384K)
 Metaspace       used 159014K, committed 161408K, reserved 1245184K
  class space    used 20494K, committed 21696K, reserved 1048576K
}
Event: 231.752 GC heap after
{Heap after GC invocations=78 (full 0):
 garbage-first heap   total 792576K, used 268288K [0x0000000700000000, 0x0000000800000000)
  region size 2048K, 4 young (8192K), 4 survivors (8192K)
 Metaspace       used 159014K, committed 161408K, reserved 1245184K
  class space    used 20494K, committed 21696K, reserved 1048576K
}
Event: 233.866 GC heap before
{Heap before GC invocations=78 (full 0):
 garbage-first heap   total 792576K, used 305152K [0x0000000700000000, 0x0000000800000000)
  region size 2048K, 19 young (38912K), 4 survivors (8192K)
 Metaspace       used 159324K, committed 161728K, reserved 1245184K
  class space    used 20543K, committed 21760K, reserved 1048576K
}
Event: 233.927 GC heap after
{Heap after GC invocations=79 (full 0):
 garbage-first heap   total 792576K, used 278515K [0x0000000700000000, 0x0000000800000000)
  region size 2048K, 3 young (6144K), 3 survivors (6144K)
 Metaspace       used 159324K, committed 161728K, reserved 1245184K
  class space    used 20543K, committed 21760K, reserved 1048576K
}
Event: 234.642 GC heap before
{Heap before GC invocations=79 (full 0):
 garbage-first heap   total 792576K, used 313331K [0x0000000700000000, 0x0000000800000000)
  region size 2048K, 19 young (38912K), 3 survivors (6144K)
 Metaspace       used 159638K, committed 162240K, reserved 1245184K
  class space    used 20578K, committed 21888K, reserved 1048576K
}
Event: 234.676 GC heap after
{Heap after GC invocations=80 (full 0):
 garbage-first heap   total 792576K, used 288360K [0x0000000700000000, 0x0000000800000000)
  region size 2048K, 3 young (6144K), 3 survivors (6144K)
 Metaspace       used 159638K, committed 162240K, reserved 1245184K
  class space    used 20578K, committed 21888K, reserved 1048576K
}
Event: 235.727 GC heap before
{Heap before GC invocations=80 (full 0):
 garbage-first heap   total 792576K, used 321128K [0x0000000700000000, 0x0000000800000000)
  region size 2048K, 19 young (38912K), 3 survivors (6144K)
 Metaspace       used 159709K, committed 162304K, reserved 1245184K
  class space    used 20580K, committed 21888K, reserved 1048576K
}
Event: 235.781 GC heap after
{Heap after GC invocations=81 (full 0):
 garbage-first heap   total 792576K, used 294111K [0x0000000700000000, 0x0000000800000000)
  region size 2048K, 3 young (6144K), 3 survivors (6144K)
 Metaspace       used 159709K, committed 162304K, reserved 1245184K
  class space    used 20580K, committed 21888K, reserved 1048576K
}
Event: 237.966 GC heap before
{Heap before GC invocations=81 (full 0):
 garbage-first heap   total 792576K, used 326879K [0x0000000700000000, 0x0000000800000000)
  region size 2048K, 19 young (38912K), 3 survivors (6144K)
 Metaspace       used 161115K, committed 163712K, reserved 1245184K
  class space    used 20734K, committed 22080K, reserved 1048576K
}
Event: 238.039 GC heap after
{Heap after GC invocations=82 (full 0):
 garbage-first heap   total 792576K, used 295732K [0x0000000700000000, 0x0000000800000000)
  region size 2048K, 2 young (4096K), 2 survivors (4096K)
 Metaspace       used 161115K, committed 163712K, reserved 1245184K
  class space    used 20734K, committed 22080K, reserved 1048576K
}
Event: 239.985 GC heap before
{Heap before GC invocations=82 (full 0):
 garbage-first heap   total 792576K, used 330548K [0x0000000700000000, 0x0000000800000000)
  region size 2048K, 19 young (38912K), 2 survivors (4096K)
 Metaspace       used 161900K, committed 164544K, reserved 1245184K
  class space    used 20793K, committed 22144K, reserved 1048576K
}

