# JRE version: OpenJDK Runtime Environment (21.0.6) (build 21.0.6+-13368085-b895.109)
# Java VM: OpenJDK 64-Bit Server VM (21.0.6+-13368085-b895.109, mixed mode, tiered, compressed oops, compressed class ptrs, g1 gc, windows-amd64)
GC Precious Log:
 CardTable entry size: 512
 Card Set container configuration: InlinePtr #cards 4 size 8 Array Of Cards #cards 16 size 48 Howl #buckets 8 coarsen threshold 3686 Howl Bitmap #cards 512 size 80 coarsen threshold 460 Card regions per heap region 1 cards per card region 4096
 CPUs: 4 total, 4 available
 Memory: 3880M
 Large Page Support: Disabled
 NUMA Support: Disabled
 Compressed Oops: Enabled (Zero based)
 Heap Region Size: 2M
 Heap Min Capacity: 8M
 Heap Initial Capacity: 62M
 Heap Max Capacity: 4G
 Pre-touch: Disabled
 Parallel Workers: 4
 Concurrent Workers: 1
 Concurrent Refinement Workers: 4
 Periodic GC: Disabled
Heap:
 garbage-first heap   total 780288K, used 187272K [0x0000000700000000, 0x0000000800000000)
  region size 2048K, 1 young (2048K), 1 survivors (2048K)
 Metaspace       used 147172K, committed 149568K, reserved 1179648K
  class space    used 19215K, committed 20416K, reserved 1048576K
GC Heap History (20 events):
Event: 151.508 GC heap after
{Heap after GC invocations=67 (full 0):
 garbage-first heap   total 339968K, used 136481K [0x0000000700000000, 0x0000000800000000)
  region size 2048K, 2 young (4096K), 2 survivors (4096K)
 Metaspace       used 122501K, committed 124864K, reserved 1179648K
  class space    used 16526K, committed 17728K, reserved 1048576K
}
Event: 153.021 GC heap before
{Heap before GC invocations=68 (full 0):
 garbage-first heap   total 339968K, used 163105K [0x0000000700000000, 0x0000000800000000)
  region size 2048K, 14 young (28672K), 2 survivors (4096K)
 Metaspace       used 122538K, committed 124864K, reserved 1179648K
  class space    used 16528K, committed 17728K, reserved 1048576K
}
Event: 153.697 GC heap after
{Heap after GC invocations=69 (full 0):
 garbage-first heap   total 339968K, used 152131K [0x0000000700000000, 0x0000000800000000)
  region size 2048K, 2 young (4096K), 2 survivors (4096K)
 Metaspace       used 122538K, committed 124864K, reserved 1179648K
  class space    used 16528K, committed 17728K, reserved 1048576K
}
Event: 160.653 GC heap before
{Heap before GC invocations=69 (full 0):
 garbage-first heap   total 339968K, used 279107K [0x0000000700000000, 0x0000000800000000)
  region size 2048K, 60 young (122880K), 2 survivors (4096K)
 Metaspace       used 131583K, committed 133952K, reserved 1179648K
  class space    used 17518K, committed 18688K, reserved 1048576K
}
Event: 160.766 GC heap after
{Heap after GC invocations=70 (full 0):
 garbage-first heap   total 339968K, used 168999K [0x0000000700000000, 0x0000000800000000)
  region size 2048K, 8 young (16384K), 8 survivors (16384K)
 Metaspace       used 131583K, committed 133952K, reserved 1179648K
  class space    used 17518K, committed 18688K, reserved 1048576K
}
Event: 160.818 GC heap before
{Heap before GC invocations=70 (full 0):
 garbage-first heap   total 339968K, used 171047K [0x0000000700000000, 0x0000000800000000)
  region size 2048K, 9 young (18432K), 8 survivors (16384K)
 Metaspace       used 131583K, committed 133952K, reserved 1179648K
  class space    used 17518K, committed 18688K, reserved 1048576K
}
Event: 160.871 GC heap after
{Heap after GC invocations=71 (full 0):
 garbage-first heap   total 817152K, used 171677K [0x0000000700000000, 0x0000000800000000)
  region size 2048K, 1 young (2048K), 1 survivors (2048K)
 Metaspace       used 131583K, committed 133952K, reserved 1179648K
  class space    used 17518K, committed 18688K, reserved 1048576K
}
Event: 163.662 GC heap before
{Heap before GC invocations=71 (full 0):
 garbage-first heap   total 817152K, used 210589K [0x0000000700000000, 0x0000000800000000)
  region size 2048K, 19 young (38912K), 1 survivors (2048K)
 Metaspace       used 132086K, committed 134400K, reserved 1179648K
  class space    used 17572K, committed 18752K, reserved 1048576K
}
Event: 163.686 GC heap after
{Heap after GC invocations=72 (full 0):
 garbage-first heap   total 817152K, used 178176K [0x0000000700000000, 0x0000000800000000)
  region size 2048K, 3 young (6144K), 3 survivors (6144K)
 Metaspace       used 132086K, committed 134400K, reserved 1179648K
  class space    used 17572K, committed 18752K, reserved 1048576K
}
Event: 164.035 GC heap before
{Heap before GC invocations=72 (full 0):
 garbage-first heap   total 817152K, used 210944K [0x0000000700000000, 0x0000000800000000)
  region size 2048K, 19 young (38912K), 3 survivors (6144K)
 Metaspace       used 132308K, committed 134656K, reserved 1179648K
  class space    used 17580K, committed 18752K, reserved 1048576K
}
Event: 164.064 GC heap after
{Heap after GC invocations=73 (full 0):
 garbage-first heap   total 817152K, used 179888K [0x0000000700000000, 0x0000000800000000)
  region size 2048K, 1 young (2048K), 1 survivors (2048K)
 Metaspace       used 132308K, committed 134656K, reserved 1179648K
  class space    used 17580K, committed 18752K, reserved 1048576K
}
Event: 164.360 GC heap before
{Heap before GC invocations=73 (full 0):
 garbage-first heap   total 817152K, used 216752K [0x0000000700000000, 0x0000000800000000)
  region size 2048K, 19 young (38912K), 1 survivors (2048K)
 Metaspace       used 132346K, committed 134720K, reserved 1179648K
  class space    used 17580K, committed 18752K, reserved 1048576K
}
Event: 164.364 GC heap after
{Heap after GC invocations=74 (full 0):
 garbage-first heap   total 817152K, used 179695K [0x0000000700000000, 0x0000000800000000)
  region size 2048K, 1 young (2048K), 1 survivors (2048K)
 Metaspace       used 132346K, committed 134720K, reserved 1179648K
  class space    used 17580K, committed 18752K, reserved 1048576K
}
Event: 165.413 GC heap before
{Heap before GC invocations=75 (full 0):
 garbage-first heap   total 602112K, used 251375K [0x0000000700000000, 0x0000000800000000)
  region size 2048K, 36 young (73728K), 1 survivors (2048K)
 Metaspace       used 132713K, committed 135104K, reserved 1179648K
  class space    used 17604K, committed 18816K, reserved 1048576K
}
Event: 165.421 GC heap after
{Heap after GC invocations=76 (full 0):
 garbage-first heap   total 602112K, used 181565K [0x0000000700000000, 0x0000000800000000)
  region size 2048K, 2 young (4096K), 2 survivors (4096K)
 Metaspace       used 132713K, committed 135104K, reserved 1179648K
  class space    used 17604K, committed 18816K, reserved 1048576K
}
Event: 170.698 GC heap before
{Heap before GC invocations=76 (full 0):
 garbage-first heap   total 602112K, used 437565K [0x0000000700000000, 0x0000000800000000)
  region size 2048K, 126 young (258048K), 2 survivors (4096K)
 Metaspace       used 146402K, committed 148800K, reserved 1179648K
  class space    used 19150K, committed 20352K, reserved 1048576K
}
Event: 170.913 GC heap after
{Heap after GC invocations=77 (full 0):
 garbage-first heap   total 602112K, used 190019K [0x0000000700000000, 0x0000000800000000)
  region size 2048K, 5 young (10240K), 5 survivors (10240K)
 Metaspace       used 146402K, committed 148800K, reserved 1179648K
  class space    used 19150K, committed 20352K, reserved 1048576K
}
Event: 171.126 GC heap before
{Heap before GC invocations=77 (full 0):
 garbage-first heap   total 602112K, used 253507K [0x0000000700000000, 0x0000000800000000)
  region size 2048K, 36 young (73728K), 5 survivors (10240K)
 Metaspace       used 146412K, committed 148800K, reserved 1179648K
  class space    used 19150K, committed 20352K, reserved 1048576K
}
Event: 171.382 GC heap after
{Heap after GC invocations=78 (full 0):
 garbage-first heap   total 602112K, used 191063K [0x0000000700000000, 0x0000000800000000)
  region size 2048K, 1 young (2048K), 1 survivors (2048K)
 Metaspace       used 146412K, committed 148800K, reserved 1179648K
  class space    used 19150K, committed 20352K, reserved 1048576K
}
Event: 176.702 GC heap before
{Heap before GC invocations=78 (full 0):
 garbage-first heap   total 602112K, used 391767K [0x0000000700000000, 0x0000000800000000)
  region size 2048K, 99 young (202752K), 1 survivors (2048K)
 Metaspace       used 147172K, committed 149568K, reserved 1179648K
  class space    used 19215K, committed 20416K, reserved 1048576K
}

