# JRE version: OpenJDK Runtime Environment (21.0.6) (build 21.0.6+-13368085-b895.109)
# Java VM: OpenJDK 64-Bit Server VM (21.0.6+-13368085-b895.109, mixed mode, tiered, compressed oops, compressed class ptrs, g1 gc, windows-amd64)
GC Precious Log:
 CardTable entry size: 512
 Card Set container configuration: InlinePtr #cards 4 size 8 Array Of Cards #cards 16 size 48 Howl #buckets 8 coarsen threshold 3686 Howl Bitmap #cards 512 size 80 coarsen threshold 460 Card regions per heap region 1 cards per card region 4096
 CPUs: 4 total, 4 available
 Memory: 3880M
 Large Page Support: Disabled
 NUMA Support: Disabled
 Compressed Oops: Enabled (Zero based)
 Heap Region Size: 2M
 Heap Min Capacity: 8M
 Heap Initial Capacity: 62M
 Heap Max Capacity: 4G
 Pre-touch: Disabled
 Parallel Workers: 4
 Concurrent Workers: 1
 Concurrent Refinement Workers: 4
 Periodic GC: Disabled
Heap:
 garbage-first heap   total 509952K, used 178935K [0x0000000700000000, 0x0000000800000000)
  region size 2048K, 5 young (10240K), 5 survivors (10240K)
 Metaspace       used 126816K, committed 129088K, reserved 1179648K
  class space    used 17175K, committed 18304K, reserved 1048576K
GC Heap History (20 events):
Event: 110.134 GC heap after
{Heap after GC invocations=61 (full 0):
 garbage-first heap   total 247808K, used 116160K [0x0000000700000000, 0x0000000800000000)
  region size 2048K, 5 young (10240K), 5 survivors (10240K)
 Metaspace       used 116934K, committed 119168K, reserved 1179648K
  class space    used 15832K, committed 16960K, reserved 1048576K
}
Event: 115.416 GC heap before
{Heap before GC invocations=61 (full 0):
 garbage-first heap   total 247808K, used 220608K [0x0000000700000000, 0x0000000800000000)
  region size 2048K, 57 young (116736K), 5 survivors (10240K)
 Metaspace       used 117205K, committed 119424K, reserved 1179648K
  class space    used 15867K, committed 17024K, reserved 1048576K
}
Event: 115.512 GC heap after
{Heap after GC invocations=62 (full 0):
 garbage-first heap   total 247808K, used 120378K [0x0000000700000000, 0x0000000800000000)
  region size 2048K, 5 young (10240K), 5 survivors (10240K)
 Metaspace       used 117205K, committed 119424K, reserved 1179648K
  class space    used 15867K, committed 17024K, reserved 1048576K
}
Event: 118.137 GC heap before
{Heap before GC invocations=62 (full 0):
 garbage-first heap   total 247808K, used 218682K [0x0000000700000000, 0x0000000800000000)
  region size 2048K, 54 young (110592K), 5 survivors (10240K)
 Metaspace       used 117606K, committed 119808K, reserved 1179648K
  class space    used 15907K, committed 17024K, reserved 1048576K
}
Event: 118.212 GC heap after
{Heap after GC invocations=63 (full 0):
 garbage-first heap   total 247808K, used 125971K [0x0000000700000000, 0x0000000800000000)
  region size 2048K, 6 young (12288K), 6 survivors (12288K)
 Metaspace       used 117606K, committed 119808K, reserved 1179648K
  class space    used 15907K, committed 17024K, reserved 1048576K
}
Event: 120.176 GC heap before
{Heap before GC invocations=64 (full 0):
 garbage-first heap   total 247808K, used 173075K [0x0000000700000000, 0x0000000800000000)
  region size 2048K, 30 young (61440K), 6 survivors (12288K)
 Metaspace       used 117768K, committed 120000K, reserved 1179648K
  class space    used 15923K, committed 17024K, reserved 1048576K
}
Event: 120.278 GC heap after
{Heap after GC invocations=65 (full 0):
 garbage-first heap   total 247808K, used 128130K [0x0000000700000000, 0x0000000800000000)
  region size 2048K, 3 young (6144K), 3 survivors (6144K)
 Metaspace       used 117768K, committed 120000K, reserved 1179648K
  class space    used 15923K, committed 17024K, reserved 1048576K
}
Event: 120.575 GC heap before
{Heap before GC invocations=65 (full 0):
 garbage-first heap   total 247808K, used 134274K [0x0000000700000000, 0x0000000800000000)
  region size 2048K, 6 young (12288K), 3 survivors (6144K)
 Metaspace       used 117782K, committed 120064K, reserved 1179648K
  class space    used 15923K, committed 17024K, reserved 1048576K
}
Event: 120.700 GC heap after
{Heap after GC invocations=66 (full 0):
 garbage-first heap   total 509952K, used 128834K [0x0000000700000000, 0x0000000800000000)
  region size 2048K, 1 young (2048K), 1 survivors (2048K)
 Metaspace       used 117782K, committed 120064K, reserved 1179648K
  class space    used 15923K, committed 17024K, reserved 1048576K
}
Event: 121.804 GC heap before
{Heap before GC invocations=66 (full 0):
 garbage-first heap   total 509952K, used 151362K [0x0000000700000000, 0x0000000800000000)
  region size 2048K, 12 young (24576K), 1 survivors (2048K)
 Metaspace       used 117821K, committed 120064K, reserved 1179648K
  class space    used 15926K, committed 17024K, reserved 1048576K
}
Event: 121.827 GC heap after
{Heap after GC invocations=67 (full 0):
 garbage-first heap   total 509952K, used 130996K [0x0000000700000000, 0x0000000800000000)
  region size 2048K, 2 young (4096K), 2 survivors (4096K)
 Metaspace       used 117821K, committed 120064K, reserved 1179648K
  class space    used 15926K, committed 17024K, reserved 1048576K
}
Event: 140.854 GC heap before
{Heap before GC invocations=67 (full 0):
 garbage-first heap   total 509952K, used 430004K [0x0000000700000000, 0x0000000800000000)
  region size 2048K, 149 young (305152K), 2 survivors (4096K)
 Metaspace       used 117994K, committed 120256K, reserved 1179648K
  class space    used 15938K, committed 17088K, reserved 1048576K
}
Event: 141.211 GC heap after
{Heap after GC invocations=68 (full 0):
 garbage-first heap   total 509952K, used 141087K [0x0000000700000000, 0x0000000800000000)
  region size 2048K, 7 young (14336K), 7 survivors (14336K)
 Metaspace       used 117994K, committed 120256K, reserved 1179648K
  class space    used 15938K, committed 17088K, reserved 1048576K
}
Event: 141.439 GC heap before
{Heap before GC invocations=68 (full 0):
 garbage-first heap   total 509952K, used 151327K [0x0000000700000000, 0x0000000800000000)
  region size 2048K, 12 young (24576K), 7 survivors (14336K)
 Metaspace       used 117996K, committed 120256K, reserved 1179648K
  class space    used 15938K, committed 17088K, reserved 1048576K
}
Event: 141.493 GC heap after
{Heap after GC invocations=69 (full 0):
 garbage-first heap   total 509952K, used 143282K [0x0000000700000000, 0x0000000800000000)
  region size 2048K, 2 young (4096K), 2 survivors (4096K)
 Metaspace       used 117996K, committed 120256K, reserved 1179648K
  class space    used 15938K, committed 17088K, reserved 1048576K
}
Event: 152.435 GC heap before
{Heap before GC invocations=69 (full 0):
 garbage-first heap   total 509952K, used 303026K [0x0000000700000000, 0x0000000800000000)
  region size 2048K, 81 young (165888K), 2 survivors (4096K)
 Metaspace       used 123718K, committed 125952K, reserved 1179648K
  class space    used 16717K, committed 17856K, reserved 1048576K
}
Event: 152.514 GC heap after
{Heap after GC invocations=70 (full 0):
 garbage-first heap   total 509952K, used 161820K [0x0000000700000000, 0x0000000800000000)
  region size 2048K, 11 young (22528K), 11 survivors (22528K)
 Metaspace       used 123718K, committed 125952K, reserved 1179648K
  class space    used 16717K, committed 17856K, reserved 1048576K
}
Event: 152.853 GC heap before
{Heap before GC invocations=70 (full 0):
 garbage-first heap   total 509952K, used 194588K [0x0000000700000000, 0x0000000800000000)
  region size 2048K, 27 young (55296K), 11 survivors (22528K)
 Metaspace       used 124234K, committed 126464K, reserved 1179648K
  class space    used 16797K, committed 17920K, reserved 1048576K
}
Event: 153.166 GC heap after
{Heap after GC invocations=71 (full 0):
 garbage-first heap   total 509952K, used 166823K [0x0000000700000000, 0x0000000800000000)
  region size 2048K, 3 young (6144K), 3 survivors (6144K)
 Metaspace       used 124234K, committed 126464K, reserved 1179648K
  class space    used 16797K, committed 17920K, reserved 1048576K
}
Event: 154.674 GC heap before
{Heap before GC invocations=71 (full 0):
 garbage-first heap   total 509952K, used 240551K [0x0000000700000000, 0x0000000800000000)
  region size 2048K, 40 young (81920K), 3 survivors (6144K)
 Metaspace       used 126816K, committed 129088K, reserved 1179648K
  class space    used 17175K, committed 18304K, reserved 1048576K
}

