# JRE version: OpenJDK Runtime Environment (21.0.6) (build 21.0.6+-13368085-b895.109)
# Java VM: OpenJDK 64-Bit Server VM (21.0.6+-13368085-b895.109, mixed mode, tiered, compressed oops, compressed class ptrs, g1 gc, windows-amd64)
GC Precious Log:
 CardTable entry size: 512
 Card Set container configuration: InlinePtr #cards 4 size 8 Array Of Cards #cards 16 size 48 Howl #buckets 8 coarsen threshold 3686 Howl Bitmap #cards 512 size 80 coarsen threshold 460 Card regions per heap region 1 cards per card region 4096
 CPUs: 4 total, 4 available
 Memory: 3880M
 Large Page Support: Disabled
 NUMA Support: Disabled
 Compressed Oops: Enabled (Zero based)
 Heap Region Size: 2M
 Heap Min Capacity: 8M
 Heap Initial Capacity: 62M
 Heap Max Capacity: 4G
 Pre-touch: Disabled
 Parallel Workers: 4
 Concurrent Workers: 1
 Concurrent Refinement Workers: 4
 Periodic GC: Disabled
Heap:
 garbage-first heap   total 219136K, used 132922K [0x0000000700000000, 0x0000000800000000)
  region size 2048K, 3 young (6144K), 3 survivors (6144K)
 Metaspace       used 122233K, committed 124480K, reserved 1179648K
  class space    used 16466K, committed 17600K, reserved 1048576K
GC Heap History (20 events):
Event: 59.940 GC heap after
{Heap after GC invocations=56 (full 0):
 garbage-first heap   total 167936K, used 102592K [0x0000000700000000, 0x0000000800000000)
  region size 2048K, 3 young (6144K), 3 survivors (6144K)
 Metaspace       used 111065K, committed 113280K, reserved 1179648K
  class space    used 15107K, committed 16192K, reserved 1048576K
}
Event: 63.316 GC heap before
{Heap before GC invocations=56 (full 0):
 garbage-first heap   total 167936K, used 147648K [0x0000000700000000, 0x0000000800000000)
  region size 2048K, 26 young (53248K), 3 survivors (6144K)
 Metaspace       used 114286K, committed 116480K, reserved 1179648K
  class space    used 15399K, committed 16512K, reserved 1048576K
}
Event: 63.355 GC heap after
{Heap after GC invocations=57 (full 0):
 garbage-first heap   total 167936K, used 107266K [0x0000000700000000, 0x0000000800000000)
  region size 2048K, 4 young (8192K), 4 survivors (8192K)
 Metaspace       used 114286K, committed 116480K, reserved 1179648K
  class space    used 15399K, committed 16512K, reserved 1048576K
}
Event: 65.809 GC heap before
{Heap before GC invocations=57 (full 0):
 garbage-first heap   total 167936K, used 146178K [0x0000000700000000, 0x0000000800000000)
  region size 2048K, 24 young (49152K), 4 survivors (8192K)
 Metaspace       used 116631K, committed 118784K, reserved 1179648K
  class space    used 15740K, committed 16832K, reserved 1048576K
}
Event: 65.841 GC heap after
{Heap after GC invocations=58 (full 0):
 garbage-first heap   total 202752K, used 114412K [0x0000000700000000, 0x0000000800000000)
  region size 2048K, 3 young (6144K), 3 survivors (6144K)
 Metaspace       used 116631K, committed 118784K, reserved 1179648K
  class space    used 15740K, committed 16832K, reserved 1048576K
}
Event: 70.722 GC heap before
{Heap before GC invocations=59 (full 0):
 garbage-first heap   total 202752K, used 181996K [0x0000000700000000, 0x0000000800000000)
  region size 2048K, 37 young (75776K), 3 survivors (6144K)
 Metaspace       used 116646K, committed 118848K, reserved 1179648K
  class space    used 15741K, committed 16832K, reserved 1048576K
}
Event: 70.760 GC heap after
{Heap after GC invocations=60 (full 0):
 garbage-first heap   total 202752K, used 117086K [0x0000000700000000, 0x0000000800000000)
  region size 2048K, 2 young (4096K), 2 survivors (4096K)
 Metaspace       used 116646K, committed 118848K, reserved 1179648K
  class space    used 15741K, committed 16832K, reserved 1048576K
}
Event: 74.016 GC heap before
{Heap before GC invocations=60 (full 0):
 garbage-first heap   total 202752K, used 184670K [0x0000000700000000, 0x0000000800000000)
  region size 2048K, 35 young (71680K), 2 survivors (4096K)
 Metaspace       used 117158K, committed 119424K, reserved 1179648K
  class space    used 15840K, committed 16960K, reserved 1048576K
}
Event: 74.059 GC heap after
{Heap after GC invocations=61 (full 0):
 garbage-first heap   total 202752K, used 118216K [0x0000000700000000, 0x0000000800000000)
  region size 2048K, 4 young (8192K), 4 survivors (8192K)
 Metaspace       used 117158K, committed 119424K, reserved 1179648K
  class space    used 15840K, committed 16960K, reserved 1048576K
}
Event: 75.850 GC heap before
{Heap before GC invocations=61 (full 0):
 garbage-first heap   total 202752K, used 177608K [0x0000000700000000, 0x0000000800000000)
  region size 2048K, 34 young (69632K), 4 survivors (8192K)
 Metaspace       used 117239K, committed 119488K, reserved 1179648K
  class space    used 15849K, committed 16960K, reserved 1048576K
}
Event: 75.879 GC heap after
{Heap after GC invocations=62 (full 0):
 garbage-first heap   total 202752K, used 120623K [0x0000000700000000, 0x0000000800000000)
  region size 2048K, 3 young (6144K), 3 survivors (6144K)
 Metaspace       used 117239K, committed 119488K, reserved 1179648K
  class space    used 15849K, committed 16960K, reserved 1048576K
}
Event: 86.376 GC heap before
{Heap before GC invocations=63 (full 0):
 garbage-first heap   total 204800K, used 182063K [0x0000000700000000, 0x0000000800000000)
  region size 2048K, 34 young (69632K), 3 survivors (6144K)
 Metaspace       used 117408K, committed 119616K, reserved 1179648K
  class space    used 15862K, committed 16960K, reserved 1048576K
}
Event: 86.457 GC heap after
{Heap after GC invocations=64 (full 0):
 garbage-first heap   total 204800K, used 123786K [0x0000000700000000, 0x0000000800000000)
  region size 2048K, 4 young (8192K), 4 survivors (8192K)
 Metaspace       used 117408K, committed 119616K, reserved 1179648K
  class space    used 15862K, committed 16960K, reserved 1048576K
}
Event: 96.974 GC heap before
{Heap before GC invocations=64 (full 0):
 garbage-first heap   total 204800K, used 185226K [0x0000000700000000, 0x0000000800000000)
  region size 2048K, 34 young (69632K), 4 survivors (8192K)
 Metaspace       used 118503K, committed 120768K, reserved 1179648K
  class space    used 16015K, committed 17152K, reserved 1048576K
}
Event: 97.147 GC heap after
{Heap after GC invocations=65 (full 0):
 garbage-first heap   total 204800K, used 125412K [0x0000000700000000, 0x0000000800000000)
  region size 2048K, 3 young (6144K), 3 survivors (6144K)
 Metaspace       used 118503K, committed 120768K, reserved 1179648K
  class space    used 16015K, committed 17152K, reserved 1048576K
}
Event: 108.682 GC heap before
{Heap before GC invocations=65 (full 0):
 garbage-first heap   total 204800K, used 186852K [0x0000000700000000, 0x0000000800000000)
  region size 2048K, 33 young (67584K), 3 survivors (6144K)
 Metaspace       used 121917K, committed 124288K, reserved 1179648K
  class space    used 16419K, committed 17600K, reserved 1048576K
}
Event: 109.052 GC heap after
{Heap after GC invocations=66 (full 0):
 garbage-first heap   total 204800K, used 129755K [0x0000000700000000, 0x0000000800000000)
  region size 2048K, 5 young (10240K), 5 survivors (10240K)
 Metaspace       used 121917K, committed 124288K, reserved 1179648K
  class space    used 16419K, committed 17600K, reserved 1048576K
}
Event: 125.037 GC heap before
{Heap before GC invocations=67 (full 0):
 garbage-first heap   total 219136K, used 178907K [0x0000000700000000, 0x0000000800000000)
  region size 2048K, 30 young (61440K), 5 survivors (10240K)
 Metaspace       used 122161K, committed 124480K, reserved 1179648K
  class space    used 16463K, committed 17600K, reserved 1048576K
}
Event: 125.430 GC heap after
{Heap after GC invocations=68 (full 0):
 garbage-first heap   total 219136K, used 131764K [0x0000000700000000, 0x0000000800000000)
  region size 2048K, 3 young (6144K), 3 survivors (6144K)
 Metaspace       used 122161K, committed 124480K, reserved 1179648K
  class space    used 16463K, committed 17600K, reserved 1048576K
}
Event: 147.220 GC heap before
{Heap before GC invocations=68 (full 0):
 garbage-first heap   total 219136K, used 197300K [0x0000000700000000, 0x0000000800000000)
  region size 2048K, 35 young (71680K), 3 survivors (6144K)
 Metaspace       used 122233K, committed 124480K, reserved 1179648K
  class space    used 16466K, committed 17600K, reserved 1048576K
}

