# JRE version: OpenJDK Runtime Environment (21.0.6) (build 21.0.6+-13368085-b895.109)
# Java VM: OpenJDK 64-Bit Server VM (21.0.6+-13368085-b895.109, mixed mode, tiered, compressed oops, compressed class ptrs, g1 gc, windows-amd64)
GC Precious Log:
 CardTable entry size: 512
 Card Set container configuration: InlinePtr #cards 4 size 8 Array Of Cards #cards 16 size 48 Howl #buckets 8 coarsen threshold 3686 Howl Bitmap #cards 512 size 80 coarsen threshold 460 Card regions per heap region 1 cards per card region 4096
 CPUs: 4 total, 4 available
 Memory: 3880M
 Large Page Support: Disabled
 NUMA Support: Disabled
 Compressed Oops: Enabled (Zero based)
 Heap Region Size: 2M
 Heap Min Capacity: 8M
 Heap Initial Capacity: 62M
 Heap Max Capacity: 4G
 Pre-touch: Disabled
 Parallel Workers: 4
 Concurrent Workers: 1
 Concurrent Refinement Workers: 4
 Periodic GC: Disabled
Heap:
 garbage-first heap   total 608256K, used 200046K [0x0000000700000000, 0x0000000800000000)
  region size 2048K, 2 young (4096K), 2 survivors (4096K)
 Metaspace       used 152069K, committed 154432K, reserved 1245184K
  class space    used 19987K, committed 21184K, reserved 1048576K
GC Heap History (20 events):
Event: 109.999 GC heap after
{Heap after GC invocations=85 (full 0):
 garbage-first heap   total 458752K, used 173621K [0x0000000700000000, 0x0000000800000000)
  region size 2048K, 2 young (4096K), 2 survivors (4096K)
 Metaspace       used 139324K, committed 141632K, reserved 1179648K
  class space    used 18679K, committed 19840K, reserved 1048576K
}
Event: 113.374 GC heap before
{Heap before GC invocations=86 (full 0):
 garbage-first heap   total 458752K, used 427573K [0x0000000700000000, 0x0000000800000000)
  region size 2048K, 126 young (258048K), 2 survivors (4096K)
 Metaspace       used 140927K, committed 143296K, reserved 1179648K
  class space    used 18918K, committed 20096K, reserved 1048576K
}
Event: 113.399 GC heap after
{Heap after GC invocations=87 (full 0):
 garbage-first heap   total 458752K, used 181340K [0x0000000700000000, 0x0000000800000000)
  region size 2048K, 6 young (12288K), 6 survivors (12288K)
 Metaspace       used 140927K, committed 143296K, reserved 1179648K
  class space    used 18918K, committed 20096K, reserved 1048576K
}
Event: 116.151 GC heap before
{Heap before GC invocations=87 (full 0):
 garbage-first heap   total 458752K, used 416860K [0x0000000700000000, 0x0000000800000000)
  region size 2048K, 122 young (249856K), 6 survivors (12288K)
 Metaspace       used 141654K, committed 144000K, reserved 1179648K
  class space    used 18979K, committed 20160K, reserved 1048576K
}
Event: 116.179 GC heap after
{Heap after GC invocations=88 (full 0):
 garbage-first heap   total 458752K, used 182692K [0x0000000700000000, 0x0000000800000000)
  region size 2048K, 7 young (14336K), 7 survivors (14336K)
 Metaspace       used 141654K, committed 144000K, reserved 1179648K
  class space    used 18979K, committed 20160K, reserved 1048576K
}
Event: 119.993 GC heap before
{Heap before GC invocations=88 (full 0):
 garbage-first heap   total 458752K, used 336292K [0x0000000700000000, 0x0000000800000000)
  region size 2048K, 84 young (172032K), 7 survivors (14336K)
 Metaspace       used 144623K, committed 146944K, reserved 1179648K
  class space    used 19377K, committed 20544K, reserved 1048576K
}
Event: 120.017 GC heap after
{Heap after GC invocations=89 (full 0):
 garbage-first heap   total 458752K, used 180644K [0x0000000700000000, 0x0000000800000000)
  region size 2048K, 6 young (12288K), 6 survivors (12288K)
 Metaspace       used 144623K, committed 146944K, reserved 1179648K
  class space    used 19377K, committed 20544K, reserved 1048576K
}
Event: 186.175 GC heap before
{Heap before GC invocations=90 (full 0):
 garbage-first heap   total 530432K, used 526756K [0x0000000700000000, 0x0000000800000000)
  region size 2048K, 77 young (157696K), 6 survivors (12288K)
 Metaspace       used 150917K, committed 153344K, reserved 1245184K
  class space    used 19968K, committed 21184K, reserved 1048576K
}
Event: 186.807 GC heap after
{Heap after GC invocations=91 (full 0):
 garbage-first heap   total 548864K, used 182692K [0x0000000700000000, 0x0000000800000000)
  region size 2048K, 9 young (18432K), 9 survivors (18432K)
 Metaspace       used 150917K, committed 153344K, reserved 1245184K
  class space    used 19968K, committed 21184K, reserved 1048576K
}
Event: 236.916 GC heap before
{Heap before GC invocations=91 (full 0):
 garbage-first heap   total 573440K, used 569764K [0x0000000700000000, 0x0000000800000000)
  region size 2048K, 100 young (204800K), 9 survivors (18432K)
 Metaspace       used 151572K, committed 153920K, reserved 1245184K
  class space    used 19975K, committed 21184K, reserved 1048576K
}
Event: 238.458 GC heap after
{Heap after GC invocations=92 (full 0):
 garbage-first heap   total 608256K, used 201778K [0x0000000700000000, 0x0000000800000000)
  region size 2048K, 16 young (32768K), 16 survivors (32768K)
 Metaspace       used 151572K, committed 153920K, reserved 1245184K
  class space    used 19975K, committed 21184K, reserved 1048576K
}
Event: 238.493 GC heap before
{Heap before GC invocations=92 (full 0):
 garbage-first heap   total 608256K, used 203826K [0x0000000700000000, 0x0000000800000000)
  region size 2048K, 17 young (34816K), 16 survivors (32768K)
 Metaspace       used 151572K, committed 153920K, reserved 1245184K
  class space    used 19975K, committed 21184K, reserved 1048576K
}
Event: 238.652 GC heap after
{Heap after GC invocations=93 (full 0):
 garbage-first heap   total 608256K, used 198049K [0x0000000700000000, 0x0000000800000000)
  region size 2048K, 1 young (2048K), 1 survivors (2048K)
 Metaspace       used 151572K, committed 153920K, reserved 1245184K
  class space    used 19975K, committed 21184K, reserved 1048576K
}
Event: 570.808 GC heap before
{Heap before GC invocations=93 (full 0):
 garbage-first heap   total 608256K, used 296353K [0x0000000700000000, 0x0000000800000000)
  region size 2048K, 50 young (102400K), 1 survivors (2048K)
 Metaspace       used 151922K, committed 154304K, reserved 1245184K
  class space    used 19985K, committed 21184K, reserved 1048576K
}
Event: 571.050 GC heap after
{Heap after GC invocations=94 (full 0):
 garbage-first heap   total 608256K, used 204134K [0x0000000700000000, 0x0000000800000000)
  region size 2048K, 4 young (8192K), 4 survivors (8192K)
 Metaspace       used 151922K, committed 154304K, reserved 1245184K
  class space    used 19985K, committed 21184K, reserved 1048576K
}
Event: 577.516 GC heap before
{Heap before GC invocations=95 (full 0):
 garbage-first heap   total 608256K, used 219076K [0x0000000700000000, 0x0000000800000000)
  region size 2048K, 14 young (28672K), 4 survivors (8192K)
 Metaspace       used 152006K, committed 154368K, reserved 1245184K
  class space    used 19986K, committed 21184K, reserved 1048576K
}
Event: 577.616 GC heap after
{Heap after GC invocations=96 (full 0):
 garbage-first heap   total 608256K, used 202138K [0x0000000700000000, 0x0000000800000000)
  region size 2048K, 2 young (4096K), 2 survivors (4096K)
 Metaspace       used 152006K, committed 154368K, reserved 1245184K
  class space    used 19986K, committed 21184K, reserved 1048576K
}
Event: 579.000 GC heap before
{Heap before GC invocations=96 (full 0):
 garbage-first heap   total 608256K, used 226714K [0x0000000700000000, 0x0000000800000000)
  region size 2048K, 14 young (28672K), 2 survivors (4096K)
 Metaspace       used 152039K, committed 154432K, reserved 1245184K
  class space    used 19987K, committed 21184K, reserved 1048576K
}
Event: 579.055 GC heap after
{Heap after GC invocations=97 (full 0):
 garbage-first heap   total 608256K, used 200517K [0x0000000700000000, 0x0000000800000000)
  region size 2048K, 2 young (4096K), 2 survivors (4096K)
 Metaspace       used 152039K, committed 154432K, reserved 1245184K
  class space    used 19987K, committed 21184K, reserved 1048576K
}
Event: 580.154 GC heap before
{Heap before GC invocations=97 (full 0):
 garbage-first heap   total 608256K, used 223045K [0x0000000700000000, 0x0000000800000000)
  region size 2048K, 14 young (28672K), 2 survivors (4096K)
 Metaspace       used 152069K, committed 154432K, reserved 1245184K
  class space    used 19987K, committed 21184K, reserved 1048576K
}

