# JRE version: OpenJDK Runtime Environment (21.0.6) (build 21.0.6+-13368085-b895.109)
# Java VM: OpenJDK 64-Bit Server VM (21.0.6+-13368085-b895.109, mixed mode, tiered, compressed oops, compressed class ptrs, g1 gc, windows-amd64)
GC Precious Log:
 CardTable entry size: 512
 Card Set container configuration: InlinePtr #cards 4 size 8 Array Of Cards #cards 16 size 48 Howl #buckets 8 coarsen threshold 3686 Howl Bitmap #cards 512 size 80 coarsen threshold 460 Card regions per heap region 1 cards per card region 4096
 CPUs: 4 total, 4 available
 Memory: 3880M
 Large Page Support: Disabled
 NUMA Support: Disabled
 Compressed Oops: Enabled (Zero based)
 Heap Region Size: 2M
 Heap Min Capacity: 8M
 Heap Initial Capacity: 62M
 Heap Max Capacity: 4G
 Pre-touch: Disabled
 Parallel Workers: 4
 Concurrent Workers: 1
 Concurrent Refinement Workers: 4
 Periodic GC: Disabled
Heap:
 garbage-first heap   total 903168K, used 291186K [0x0000000700000000, 0x0000000800000000)
  region size 2048K, 5 young (10240K), 5 survivors (10240K)
 Metaspace       used 139649K, committed 141888K, reserved 1179648K
  class space    used 18781K, committed 19904K, reserved 1048576K
GC Heap History (20 events):
Event: 144.257 GC heap after
{Heap after GC invocations=93 (full 0):
 garbage-first heap   total 903168K, used 256502K [0x0000000700000000, 0x0000000800000000)
  region size 2048K, 6 young (12288K), 6 survivors (12288K)
 Metaspace       used 139298K, committed 141504K, reserved 1179648K
  class space    used 18768K, committed 19904K, reserved 1048576K
}
Event: 147.515 GC heap before
{Heap before GC invocations=93 (full 0):
 garbage-first heap   total 903168K, used 610806K [0x0000000700000000, 0x0000000800000000)
  region size 2048K, 179 young (366592K), 6 survivors (12288K)
 Metaspace       used 139325K, committed 141568K, reserved 1179648K
  class space    used 18770K, committed 19904K, reserved 1048576K
}
Event: 147.560 GC heap after
{Heap after GC invocations=94 (full 0):
 garbage-first heap   total 903168K, used 262243K [0x0000000700000000, 0x0000000800000000)
  region size 2048K, 9 young (18432K), 9 survivors (18432K)
 Metaspace       used 139325K, committed 141568K, reserved 1179648K
  class space    used 18770K, committed 19904K, reserved 1048576K
}
Event: 151.016 GC heap before
{Heap before GC invocations=94 (full 0):
 garbage-first heap   total 903168K, used 589923K [0x0000000700000000, 0x0000000800000000)
  region size 2048K, 168 young (344064K), 9 survivors (18432K)
 Metaspace       used 139364K, committed 141632K, reserved 1179648K
  class space    used 18771K, committed 19904K, reserved 1048576K
}
Event: 151.047 GC heap after
{Heap after GC invocations=95 (full 0):
 garbage-first heap   total 903168K, used 257989K [0x0000000700000000, 0x0000000800000000)
  region size 2048K, 7 young (14336K), 7 survivors (14336K)
 Metaspace       used 139364K, committed 141632K, reserved 1179648K
  class space    used 18771K, committed 19904K, reserved 1048576K
}
Event: 157.155 GC heap before
{Heap before GC invocations=95 (full 0):
 garbage-first heap   total 903168K, used 782277K [0x0000000700000000, 0x0000000800000000)
  region size 2048K, 264 young (540672K), 7 survivors (14336K)
 Metaspace       used 139465K, committed 141696K, reserved 1179648K
  class space    used 18775K, committed 19904K, reserved 1048576K
}
Event: 157.271 GC heap after
{Heap after GC invocations=96 (full 0):
 garbage-first heap   total 903168K, used 267766K [0x0000000700000000, 0x0000000800000000)
  region size 2048K, 12 young (24576K), 12 survivors (24576K)
 Metaspace       used 139465K, committed 141696K, reserved 1179648K
  class space    used 18775K, committed 19904K, reserved 1048576K
}
Event: 160.595 GC heap before
{Heap before GC invocations=96 (full 0):
 garbage-first heap   total 903168K, used 646646K [0x0000000700000000, 0x0000000800000000)
  region size 2048K, 197 young (403456K), 12 survivors (24576K)
 Metaspace       used 139545K, committed 141760K, reserved 1179648K
  class space    used 18776K, committed 19904K, reserved 1048576K
}
Event: 160.643 GC heap after
{Heap after GC invocations=97 (full 0):
 garbage-first heap   total 903168K, used 265616K [0x0000000700000000, 0x0000000800000000)
  region size 2048K, 11 young (22528K), 11 survivors (22528K)
 Metaspace       used 139545K, committed 141760K, reserved 1179648K
  class space    used 18776K, committed 19904K, reserved 1048576K
}
Event: 171.711 GC heap before
{Heap before GC invocations=97 (full 0):
 garbage-first heap   total 903168K, used 783760K [0x0000000700000000, 0x0000000800000000)
  region size 2048K, 264 young (540672K), 11 survivors (22528K)
 Metaspace       used 139586K, committed 141824K, reserved 1179648K
  class space    used 18779K, committed 19904K, reserved 1048576K
}
Event: 172.396 GC heap after
{Heap after GC invocations=98 (full 0):
 garbage-first heap   total 903168K, used 287222K [0x0000000700000000, 0x0000000800000000)
  region size 2048K, 21 young (43008K), 21 survivors (43008K)
 Metaspace       used 139586K, committed 141824K, reserved 1179648K
  class space    used 18779K, committed 19904K, reserved 1048576K
}
Event: 172.415 GC heap before
{Heap before GC invocations=98 (full 0):
 garbage-first heap   total 903168K, used 289270K [0x0000000700000000, 0x0000000800000000)
  region size 2048K, 22 young (45056K), 21 survivors (43008K)
 Metaspace       used 139586K, committed 141824K, reserved 1179648K
  class space    used 18779K, committed 19904K, reserved 1048576K
}
Event: 172.772 GC heap after
{Heap after GC invocations=99 (full 0):
 garbage-first heap   total 903168K, used 288768K [0x0000000700000000, 0x0000000800000000)
  region size 2048K, 1 young (2048K), 1 survivors (2048K)
 Metaspace       used 139586K, committed 141824K, reserved 1179648K
  class space    used 18779K, committed 19904K, reserved 1048576K
}
Event: 183.773 GC heap before
{Heap before GC invocations=99 (full 0):
 garbage-first heap   total 903168K, used 825344K [0x0000000700000000, 0x0000000800000000)
  region size 2048K, 264 young (540672K), 1 survivors (2048K)
 Metaspace       used 139622K, committed 141824K, reserved 1179648K
  class space    used 18781K, committed 19904K, reserved 1048576K
}
Event: 183.971 GC heap after
{Heap after GC invocations=100 (full 0):
 garbage-first heap   total 903168K, used 291712K [0x0000000700000000, 0x0000000800000000)
  region size 2048K, 3 young (6144K), 3 survivors (6144K)
 Metaspace       used 139622K, committed 141824K, reserved 1179648K
  class space    used 18781K, committed 19904K, reserved 1048576K
}
Event: 187.634 GC heap before
{Heap before GC invocations=100 (full 0):
 garbage-first heap   total 903168K, used 428928K [0x0000000700000000, 0x0000000800000000)
  region size 2048K, 71 young (145408K), 3 survivors (6144K)
 Metaspace       used 139634K, committed 141824K, reserved 1179648K
  class space    used 18781K, committed 19904K, reserved 1048576K
}
Event: 187.781 GC heap after
{Heap after GC invocations=101 (full 0):
 garbage-first heap   total 903168K, used 292675K [0x0000000700000000, 0x0000000800000000)
  region size 2048K, 3 young (6144K), 3 survivors (6144K)
 Metaspace       used 139634K, committed 141824K, reserved 1179648K
  class space    used 18781K, committed 19904K, reserved 1048576K
}
Event: 193.192 GC heap before
{Heap before GC invocations=101 (full 0):
 garbage-first heap   total 903168K, used 509763K [0x0000000700000000, 0x0000000800000000)
  region size 2048K, 110 young (225280K), 3 survivors (6144K)
 Metaspace       used 139648K, committed 141888K, reserved 1179648K
  class space    used 18781K, committed 19904K, reserved 1048576K
}
Event: 193.343 GC heap after
{Heap after GC invocations=102 (full 0):
 garbage-first heap   total 903168K, used 295453K [0x0000000700000000, 0x0000000800000000)
  region size 2048K, 5 young (10240K), 5 survivors (10240K)
 Metaspace       used 139648K, committed 141888K, reserved 1179648K
  class space    used 18781K, committed 19904K, reserved 1048576K
}
Event: 196.251 GC heap before
{Heap before GC invocations=102 (full 0):
 garbage-first heap   total 903168K, used 440861K [0x0000000700000000, 0x0000000800000000)
  region size 2048K, 78 young (159744K), 5 survivors (10240K)
 Metaspace       used 139649K, committed 141888K, reserved 1179648K
  class space    used 18781K, committed 19904K, reserved 1048576K
}

