# JRE version: OpenJDK Runtime Environment (21.0.6) (build 21.0.6+-13368085-b895.109)
# Java VM: OpenJDK 64-Bit Server VM (21.0.6+-13368085-b895.109, mixed mode, tiered, compressed oops, compressed class ptrs, g1 gc, windows-amd64)
GC Precious Log:
 CardTable entry size: 512
 Card Set container configuration: InlinePtr #cards 4 size 8 Array Of Cards #cards 16 size 48 Howl #buckets 8 coarsen threshold 3686 Howl Bitmap #cards 512 size 80 coarsen threshold 460 Card regions per heap region 1 cards per card region 4096
 CPUs: 4 total, 4 available
 Memory: 3880M
 Large Page Support: Disabled
 NUMA Support: Disabled
 Compressed Oops: Enabled (Zero based)
 Heap Region Size: 2M
 Heap Min Capacity: 8M
 Heap Initial Capacity: 62M
 Heap Max Capacity: 4G
 Pre-touch: Disabled
 Parallel Workers: 4
 Concurrent Workers: 1
 Concurrent Refinement Workers: 4
 Periodic GC: Disabled
Heap:
 garbage-first heap   total 331776K, used 204211K [0x0000000700000000, 0x0000000800000000)
  region size 2048K, 6 young (12288K), 6 survivors (12288K)
 Metaspace       used 147517K, committed 149760K, reserved 1179648K
  class space    used 19113K, committed 20224K, reserved 1048576K
GC Heap History (20 events):
Event: 49.373 GC heap after
{Heap after GC invocations=68 (full 0):
 garbage-first heap   total 233472K, used 128850K [0x0000000700000000, 0x0000000800000000)
  region size 2048K, 4 young (8192K), 4 survivors (8192K)
 Metaspace       used 121806K, committed 124032K, reserved 1179648K
  class space    used 16387K, committed 17472K, reserved 1048576K
}
Event: 50.581 GC heap before
{Heap before GC invocations=69 (full 0):
 garbage-first heap   total 233472K, used 210770K [0x0000000700000000, 0x0000000800000000)
  region size 2048K, 43 young (88064K), 4 survivors (8192K)
 Metaspace       used 124380K, committed 126592K, reserved 1179648K
  class space    used 16699K, committed 17792K, reserved 1048576K
}
Event: 50.595 GC heap after
{Heap after GC invocations=70 (full 0):
 garbage-first heap   total 233472K, used 131723K [0x0000000700000000, 0x0000000800000000)
  region size 2048K, 5 young (10240K), 5 survivors (10240K)
 Metaspace       used 124380K, committed 126592K, reserved 1179648K
  class space    used 16699K, committed 17792K, reserved 1048576K
}
Event: 51.611 GC heap before
{Heap before GC invocations=70 (full 0):
 garbage-first heap   total 233472K, used 209547K [0x0000000700000000, 0x0000000800000000)
  region size 2048K, 42 young (86016K), 5 survivors (10240K)
 Metaspace       used 126339K, committed 128576K, reserved 1179648K
  class space    used 16934K, committed 18048K, reserved 1048576K
}
Event: 51.633 GC heap after
{Heap after GC invocations=71 (full 0):
 garbage-first heap   total 233472K, used 135168K [0x0000000700000000, 0x0000000800000000)
  region size 2048K, 5 young (10240K), 5 survivors (10240K)
 Metaspace       used 126339K, committed 128576K, reserved 1179648K
  class space    used 16934K, committed 18048K, reserved 1048576K
}
Event: 53.350 GC heap before
{Heap before GC invocations=71 (full 0):
 garbage-first heap   total 233472K, used 192512K [0x0000000700000000, 0x0000000800000000)
  region size 2048K, 34 young (69632K), 5 survivors (10240K)
 Metaspace       used 127428K, committed 129728K, reserved 1179648K
  class space    used 17011K, committed 18176K, reserved 1048576K
}
Event: 53.377 GC heap after
{Heap after GC invocations=72 (full 0):
 garbage-first heap   total 233472K, used 148261K [0x0000000700000000, 0x0000000800000000)
  region size 2048K, 6 young (12288K), 6 survivors (12288K)
 Metaspace       used 127428K, committed 129728K, reserved 1179648K
  class space    used 17011K, committed 18176K, reserved 1048576K
}
Event: 54.699 GC heap before
{Heap before GC invocations=73 (full 0):
 garbage-first heap   total 253952K, used 209701K [0x0000000700000000, 0x0000000800000000)
  region size 2048K, 34 young (69632K), 6 survivors (12288K)
 Metaspace       used 127989K, committed 130240K, reserved 1179648K
  class space    used 17065K, committed 18176K, reserved 1048576K
}
Event: 54.730 GC heap after
{Heap after GC invocations=74 (full 0):
 garbage-first heap   total 253952K, used 169984K [0x0000000700000000, 0x0000000800000000)
  region size 2048K, 5 young (10240K), 5 survivors (10240K)
 Metaspace       used 127989K, committed 130240K, reserved 1179648K
  class space    used 17065K, committed 18176K, reserved 1048576K
}
Event: 55.312 GC heap before
{Heap before GC invocations=74 (full 0):
 garbage-first heap   total 253952K, used 225280K [0x0000000700000000, 0x0000000800000000)
  region size 2048K, 32 young (65536K), 5 survivors (10240K)
 Metaspace       used 128190K, committed 130432K, reserved 1179648K
  class space    used 17066K, committed 18176K, reserved 1048576K
}
Event: 55.341 GC heap after
{Heap after GC invocations=75 (full 0):
 garbage-first heap   total 305152K, used 177118K [0x0000000700000000, 0x0000000800000000)
  region size 2048K, 4 young (8192K), 4 survivors (8192K)
 Metaspace       used 128190K, committed 130432K, reserved 1179648K
  class space    used 17066K, committed 18176K, reserved 1048576K
}
Event: 56.472 GC heap before
{Heap before GC invocations=75 (full 0):
 garbage-first heap   total 305152K, used 256990K [0x0000000700000000, 0x0000000800000000)
  region size 2048K, 41 young (83968K), 4 survivors (8192K)
 Metaspace       used 128543K, committed 130816K, reserved 1179648K
  class space    used 17082K, committed 18240K, reserved 1048576K
}
Event: 56.499 GC heap after
{Heap after GC invocations=76 (full 0):
 garbage-first heap   total 305152K, used 187376K [0x0000000700000000, 0x0000000800000000)
  region size 2048K, 4 young (8192K), 4 survivors (8192K)
 Metaspace       used 128543K, committed 130816K, reserved 1179648K
  class space    used 17082K, committed 18240K, reserved 1048576K
}
Event: 57.508 GC heap before
{Heap before GC invocations=76 (full 0):
 garbage-first heap   total 305152K, used 261104K [0x0000000700000000, 0x0000000800000000)
  region size 2048K, 41 young (83968K), 4 survivors (8192K)
 Metaspace       used 132261K, committed 134464K, reserved 1179648K
  class space    used 17372K, committed 18496K, reserved 1048576K
}
Event: 57.529 GC heap after
{Heap after GC invocations=77 (full 0):
 garbage-first heap   total 305152K, used 191244K [0x0000000700000000, 0x0000000800000000)
  region size 2048K, 2 young (4096K), 2 survivors (4096K)
 Metaspace       used 132261K, committed 134464K, reserved 1179648K
  class space    used 17372K, committed 18496K, reserved 1048576K
}
Event: 57.811 GC heap before
{Heap before GC invocations=77 (full 0):
 garbage-first heap   total 305152K, used 203532K [0x0000000700000000, 0x0000000800000000)
  region size 2048K, 9 young (18432K), 2 survivors (4096K)
 Metaspace       used 134384K, committed 136640K, reserved 1179648K
  class space    used 17584K, committed 18688K, reserved 1048576K
}
Event: 57.820 GC heap after
{Heap after GC invocations=78 (full 0):
 garbage-first heap   total 305152K, used 192088K [0x0000000700000000, 0x0000000800000000)
  region size 2048K, 3 young (6144K), 3 survivors (6144K)
 Metaspace       used 134384K, committed 136640K, reserved 1179648K
  class space    used 17584K, committed 18688K, reserved 1048576K
}
Event: 59.498 GC heap before
{Heap before GC invocations=79 (full 0):
 garbage-first heap   total 331776K, used 274008K [0x0000000700000000, 0x0000000800000000)
  region size 2048K, 41 young (83968K), 3 survivors (6144K)
 Metaspace       used 141412K, committed 143616K, reserved 1179648K
  class space    used 18405K, committed 19520K, reserved 1048576K
}
Event: 59.513 GC heap after
{Heap after GC invocations=80 (full 0):
 garbage-first heap   total 331776K, used 201514K [0x0000000700000000, 0x0000000800000000)
  region size 2048K, 5 young (10240K), 5 survivors (10240K)
 Metaspace       used 141412K, committed 143616K, reserved 1179648K
  class space    used 18405K, committed 19520K, reserved 1048576K
}
Event: 61.386 GC heap before
{Heap before GC invocations=80 (full 0):
 garbage-first heap   total 331776K, used 287530K [0x0000000700000000, 0x0000000800000000)
  region size 2048K, 47 young (96256K), 5 survivors (10240K)
 Metaspace       used 147517K, committed 149760K, reserved 1179648K
  class space    used 19113K, committed 20224K, reserved 1048576K
}

